[2020-08-27 19:19:14,707] - Logger.py] - ERROR: 错误接口：获取验证码--> local variable 'e' referenced before assignment
[2020-08-27 19:41:49,250] - Logger.py] - ERROR: 错误接口：删除社区 -->local variable 'e' referenced before assignment
[2020-09-11 10:05:21,573] - Logger.py] - ERROR: 错误接口：创建群聊--> 'server_id'
[2020-09-11 10:05:21,764] - Logger.py] - ERROR: 断言失败: 0 != 401
[2020-09-11 10:05:21,932] - Logger.py] - ERROR: 断言失败: 0 != 401
[2020-09-11 10:05:22,056] - Logger.py] - ERROR: 断言失败: 0 != 401
[2020-09-11 10:08:28,066] - Logger.py] - ERROR: 错误接口：创建群聊--> 'server_id'
[2020-09-11 10:08:28,243] - Logger.py] - ERROR: 断言失败: 0 != 401
[2020-09-11 10:08:28,388] - Logger.py] - ERROR: 断言失败: 0 != 401
[2020-09-11 10:08:28,526] - Logger.py] - ERROR: 断言失败: 0 != 401
[2020-09-11 10:09:21,914] - Logger.py] - ERROR: 错误接口：创建群聊--> 'server_id'
[2020-09-11 10:09:22,039] - Logger.py] - ERROR: 断言失败: 0 != 401
[2020-09-11 10:09:22,213] - Logger.py] - ERROR: 断言失败: 0 != 401
[2020-09-11 10:09:22,333] - Logger.py] - ERROR: 断言失败: 0 != 401
[2020-09-11 15:16:01,567] - Logger.py] - ERROR: 社区搜索断言失败: 0 != 401
[2020-09-11 15:16:01,735] - Logger.py] - ERROR: 社区加入断言失败: 0 != 401
[2020-09-11 15:16:01,895] - Logger.py] - ERROR: 离开社区断言失败: 0 != 401
[2020-09-11 15:16:02,867] - Logger.py] - ERROR: 错误接口：创建群聊--> 'server_id'
[2020-09-11 15:18:47,654] - Logger.py] - ERROR: 社区搜索断言失败: 0 != 401
[2020-09-11 15:18:47,813] - Logger.py] - ERROR: 社区加入断言失败: 0 != 401
[2020-09-11 15:18:47,995] - Logger.py] - ERROR: 离开社区断言失败: 0 != 401
[2020-09-11 15:18:49,046] - Logger.py] - ERROR: 错误接口：创建群聊--> 'server_id'
[2020-09-11 15:21:26,068] - Logger.py] - ERROR: 社区搜索断言失败: 0 != 401
[2020-09-11 15:21:26,228] - Logger.py] - ERROR: 社区加入断言失败: 0 != 401
[2020-09-11 15:21:26,388] - Logger.py] - ERROR: 离开社区断言失败: 0 != 401
[2020-09-11 15:21:27,313] - Logger.py] - ERROR: 错误接口：创建群聊--> 'server_id'
[2020-09-11 15:23:21,865] - Logger.py] - ERROR: 错误接口：创建群聊--> 'server_id'
[2020-09-11 15:38:38,942] - Logger.py] - ERROR: 错误接口：创建群聊--> 'server_id'
[2020-09-11 15:43:34,016] - Logger.py] - ERROR: 错误接口：创建群聊--> 'server_id'
[2020-09-11 15:50:08,548] - Logger.py] - ERROR: 错误接口：创建群聊--> 'server_id'
[2020-09-11 15:53:51,909] - Logger.py] - ERROR: 错误接口：创建群聊--> 'server_id'
[2020-09-11 15:56:55,577] - Logger.py] - ERROR: 错误接口：创建群聊--> 'server_id'
[2020-09-21 11:49:17,601] - Logger.py] - ERROR: 错误接口：创建群聊--> 'server_id'
[2020-10-10 11:44:04,444] - Logger.py] - ERROR: 社区搜索断言失败: 0 != 401
[2020-10-10 11:44:04,589] - Logger.py] - ERROR: 社区加入断言失败: 0 != 401
[2020-10-10 11:44:04,711] - Logger.py] - ERROR: 离开社区断言失败: 0 != 401
[2020-10-10 11:44:05,513] - Logger.py] - ERROR: 错误接口：创建群聊--> 'server_id'
[2020-10-10 11:46:42,570] - Logger.py] - ERROR: 社区搜索断言失败: 0 != 401
[2020-10-10 11:46:42,695] - Logger.py] - ERROR: 社区加入断言失败: 0 != 401
[2020-10-10 11:46:42,818] - Logger.py] - ERROR: 离开社区断言失败: 0 != 401
[2020-10-10 11:46:43,599] - Logger.py] - ERROR: 错误接口：创建群聊--> 'server_id'
[2020-10-10 11:55:06,603] - Logger.py] - ERROR: 社区搜索断言失败: 0 != 401
[2020-10-10 11:55:06,729] - Logger.py] - ERROR: 社区加入断言失败: 0 != 401
[2020-10-10 11:55:06,866] - Logger.py] - ERROR: 离开社区断言失败: 0 != 401
[2020-10-10 11:55:07,627] - Logger.py] - ERROR: 错误接口：创建群聊--> 'server_id'
