[2022-09-23 14:06:51,221] - logger_.py] - ERROR: 当前请求的错误: '成功' != '用户已注册，不允许重复注册'
- 成功
+ 用户已注册，不允许重复注册

[2022-09-23 14:06:51,221] - logger_.py] - ERROR: 当前请求的错误: '成功' != '用户已注册，不允许重复注册'
- 成功
+ 用户已注册，不允许重复注册

[2022-09-23 14:06:51,831] - logger_.py] - ERROR: 当前请求的错误: '成功' != '手机号或验证码错误'
- 成功
+ 手机号或验证码错误

[2022-09-23 14:06:51,831] - logger_.py] - ERROR: 当前请求的错误: '成功' != '手机号或验证码错误'
- 成功
+ 手机号或验证码错误

[2022-09-23 14:06:51,831] - logger_.py] - ERROR: 当前请求的错误: '成功' != '手机号或验证码错误'
- 成功
+ 手机号或验证码错误

[2022-09-23 14:06:51,831] - logger_.py] - ERROR: 当前请求的错误: '成功' != '手机号或验证码错误'
- 成功
+ 手机号或验证码错误

[2022-09-23 14:06:51,921] - logger_.py] - ERROR: 当前请求的错误: '成功' != 'LOGIN_EXPIRE'
- 成功
+ LOGIN_EXPIRE

[2022-09-23 14:06:51,921] - logger_.py] - ERROR: 当前请求的错误: '成功' != 'LOGIN_EXPIRE'
- 成功
+ LOGIN_EXPIRE

[2022-09-23 14:06:51,921] - logger_.py] - ERROR: 当前请求的错误: '成功' != 'LOGIN_EXPIRE'
- 成功
+ LOGIN_EXPIRE

[2022-09-23 14:06:51,921] - logger_.py] - ERROR: 当前请求的错误: '成功' != 'LOGIN_EXPIRE'
- 成功
+ LOGIN_EXPIRE

[2022-09-23 14:06:51,921] - logger_.py] - ERROR: 当前请求的错误: '成功' != 'LOGIN_EXPIRE'
- 成功
+ LOGIN_EXPIRE

[2022-09-23 14:06:51,921] - logger_.py] - ERROR: 当前请求的错误: '成功' != 'LOGIN_EXPIRE'
- 成功
+ LOGIN_EXPIRE

[2022-09-23 14:06:52,021] - logger_.py] - ERROR: 当前请求的错误: '成功' != 'LOGIN_EXPIRE'
- 成功
+ LOGIN_EXPIRE

[2022-09-23 14:06:52,021] - logger_.py] - ERROR: 当前请求的错误: '成功' != 'LOGIN_EXPIRE'
- 成功
+ LOGIN_EXPIRE

[2022-09-23 14:06:52,021] - logger_.py] - ERROR: 当前请求的错误: '成功' != 'LOGIN_EXPIRE'
- 成功
+ LOGIN_EXPIRE

[2022-09-23 14:06:52,021] - logger_.py] - ERROR: 当前请求的错误: '成功' != 'LOGIN_EXPIRE'
- 成功
+ LOGIN_EXPIRE

[2022-09-23 14:06:52,021] - logger_.py] - ERROR: 当前请求的错误: '成功' != 'LOGIN_EXPIRE'
- 成功
+ LOGIN_EXPIRE

[2022-09-23 14:06:52,021] - logger_.py] - ERROR: 当前请求的错误: '成功' != 'LOGIN_EXPIRE'
- 成功
+ LOGIN_EXPIRE

[2022-09-23 14:06:52,021] - logger_.py] - ERROR: 当前请求的错误: '成功' != 'LOGIN_EXPIRE'
- 成功
+ LOGIN_EXPIRE

[2022-09-23 14:06:52,021] - logger_.py] - ERROR: 当前请求的错误: '成功' != 'LOGIN_EXPIRE'
- 成功
+ LOGIN_EXPIRE

[2022-09-23 14:06:52,110] - logger_.py] - ERROR: 当前请求的错误: '成功' != 'LOGIN_EXPIRE'
- 成功
+ LOGIN_EXPIRE

[2022-09-23 14:06:52,110] - logger_.py] - ERROR: 当前请求的错误: '成功' != 'LOGIN_EXPIRE'
- 成功
+ LOGIN_EXPIRE

[2022-09-23 14:06:52,110] - logger_.py] - ERROR: 当前请求的错误: '成功' != 'LOGIN_EXPIRE'
- 成功
+ LOGIN_EXPIRE

[2022-09-23 14:06:52,110] - logger_.py] - ERROR: 当前请求的错误: '成功' != 'LOGIN_EXPIRE'
- 成功
+ LOGIN_EXPIRE

[2022-09-23 14:06:52,110] - logger_.py] - ERROR: 当前请求的错误: '成功' != 'LOGIN_EXPIRE'
- 成功
+ LOGIN_EXPIRE

[2022-09-23 14:06:52,110] - logger_.py] - ERROR: 当前请求的错误: '成功' != 'LOGIN_EXPIRE'
- 成功
+ LOGIN_EXPIRE

[2022-09-23 14:06:52,110] - logger_.py] - ERROR: 当前请求的错误: '成功' != 'LOGIN_EXPIRE'
- 成功
+ LOGIN_EXPIRE

[2022-09-23 14:06:52,110] - logger_.py] - ERROR: 当前请求的错误: '成功' != 'LOGIN_EXPIRE'
- 成功
+ LOGIN_EXPIRE

[2022-09-23 14:06:52,110] - logger_.py] - ERROR: 当前请求的错误: '成功' != 'LOGIN_EXPIRE'
- 成功
+ LOGIN_EXPIRE

[2022-09-23 14:06:52,110] - logger_.py] - ERROR: 当前请求的错误: '成功' != 'LOGIN_EXPIRE'
- 成功
+ LOGIN_EXPIRE

[2022-09-23 14:06:52,210] - logger_.py] - ERROR: 当前请求的错误: '成功' != 'LOGIN_EXPIRE'
- 成功
+ LOGIN_EXPIRE

[2022-09-23 14:06:52,210] - logger_.py] - ERROR: 当前请求的错误: '成功' != 'LOGIN_EXPIRE'
- 成功
+ LOGIN_EXPIRE

[2022-09-23 14:06:52,210] - logger_.py] - ERROR: 当前请求的错误: '成功' != 'LOGIN_EXPIRE'
- 成功
+ LOGIN_EXPIRE

[2022-09-23 14:06:52,210] - logger_.py] - ERROR: 当前请求的错误: '成功' != 'LOGIN_EXPIRE'
- 成功
+ LOGIN_EXPIRE

[2022-09-23 14:06:52,210] - logger_.py] - ERROR: 当前请求的错误: '成功' != 'LOGIN_EXPIRE'
- 成功
+ LOGIN_EXPIRE

[2022-09-23 14:06:52,210] - logger_.py] - ERROR: 当前请求的错误: '成功' != 'LOGIN_EXPIRE'
- 成功
+ LOGIN_EXPIRE

[2022-09-23 14:06:52,210] - logger_.py] - ERROR: 当前请求的错误: '成功' != 'LOGIN_EXPIRE'
- 成功
+ LOGIN_EXPIRE

[2022-09-23 14:06:52,210] - logger_.py] - ERROR: 当前请求的错误: '成功' != 'LOGIN_EXPIRE'
- 成功
+ LOGIN_EXPIRE

[2022-09-23 14:06:52,210] - logger_.py] - ERROR: 当前请求的错误: '成功' != 'LOGIN_EXPIRE'
- 成功
+ LOGIN_EXPIRE

[2022-09-23 14:06:52,210] - logger_.py] - ERROR: 当前请求的错误: '成功' != 'LOGIN_EXPIRE'
- 成功
+ LOGIN_EXPIRE

[2022-09-23 14:06:52,210] - logger_.py] - ERROR: 当前请求的错误: '成功' != 'LOGIN_EXPIRE'
- 成功
+ LOGIN_EXPIRE

[2022-09-23 14:06:52,210] - logger_.py] - ERROR: 当前请求的错误: '成功' != 'LOGIN_EXPIRE'
- 成功
+ LOGIN_EXPIRE

