[2022-09-30 11:28:25,501] - logger_.py] - ERROR: 当前请求的错误: '成功' != '用户已注册，不允许重复注册'
- 成功
+ 用户已注册，不允许重复注册

[2022-09-30 11:28:25,501] - logger_.py] - ERROR: 当前请求的错误: '成功' != '用户已注册，不允许重复注册'
- 成功
+ 用户已注册，不允许重复注册

[2022-09-30 11:28:25,597] - logger_.py] - ERROR: 当前请求的错误: '成功' != '未登录'
- 成功
+ 未登录

[2022-09-30 11:28:25,597] - logger_.py] - ERROR: 当前请求的错误: '成功' != '未登录'
- 成功
+ 未登录

[2022-09-30 11:28:25,597] - logger_.py] - ERROR: 当前请求的错误: '成功' != '未登录'
- 成功
+ 未登录

[2022-09-30 11:28:25,597] - logger_.py] - ERROR: 当前请求的错误: '成功' != '未登录'
- 成功
+ 未登录

[2022-09-30 11:28:25,693] - logger_.py] - ERROR: 当前请求的错误: '成功' != 'LOGIN_EXPIRE'
- 成功
+ LOGIN_EXPIRE

[2022-09-30 11:28:25,693] - logger_.py] - ERROR: 当前请求的错误: '成功' != 'LOGIN_EXPIRE'
- 成功
+ LOGIN_EXPIRE

[2022-09-30 11:28:25,693] - logger_.py] - ERROR: 当前请求的错误: '成功' != 'LOGIN_EXPIRE'
- 成功
+ LOGIN_EXPIRE

[2022-09-30 11:28:25,693] - logger_.py] - ERROR: 当前请求的错误: '成功' != 'LOGIN_EXPIRE'
- 成功
+ LOGIN_EXPIRE

[2022-09-30 11:28:25,693] - logger_.py] - ERROR: 当前请求的错误: '成功' != 'LOGIN_EXPIRE'
- 成功
+ LOGIN_EXPIRE

[2022-09-30 11:28:25,693] - logger_.py] - ERROR: 当前请求的错误: '成功' != 'LOGIN_EXPIRE'
- 成功
+ LOGIN_EXPIRE

[2022-09-30 11:28:25,790] - logger_.py] - ERROR: 当前请求的错误: '成功' != 'LOGIN_EXPIRE'
- 成功
+ LOGIN_EXPIRE

[2022-09-30 11:28:25,790] - logger_.py] - ERROR: 当前请求的错误: '成功' != 'LOGIN_EXPIRE'
- 成功
+ LOGIN_EXPIRE

[2022-09-30 11:28:25,790] - logger_.py] - ERROR: 当前请求的错误: '成功' != 'LOGIN_EXPIRE'
- 成功
+ LOGIN_EXPIRE

[2022-09-30 11:28:25,790] - logger_.py] - ERROR: 当前请求的错误: '成功' != 'LOGIN_EXPIRE'
- 成功
+ LOGIN_EXPIRE

[2022-09-30 11:28:25,790] - logger_.py] - ERROR: 当前请求的错误: '成功' != 'LOGIN_EXPIRE'
- 成功
+ LOGIN_EXPIRE

[2022-09-30 11:28:25,790] - logger_.py] - ERROR: 当前请求的错误: '成功' != 'LOGIN_EXPIRE'
- 成功
+ LOGIN_EXPIRE

[2022-09-30 11:28:25,790] - logger_.py] - ERROR: 当前请求的错误: '成功' != 'LOGIN_EXPIRE'
- 成功
+ LOGIN_EXPIRE

[2022-09-30 11:28:25,790] - logger_.py] - ERROR: 当前请求的错误: '成功' != 'LOGIN_EXPIRE'
- 成功
+ LOGIN_EXPIRE

[2022-09-30 11:28:25,886] - logger_.py] - ERROR: 当前请求的错误: '成功' != 'LOGIN_EXPIRE'
- 成功
+ LOGIN_EXPIRE

[2022-09-30 11:28:25,886] - logger_.py] - ERROR: 当前请求的错误: '成功' != 'LOGIN_EXPIRE'
- 成功
+ LOGIN_EXPIRE

[2022-09-30 11:28:25,886] - logger_.py] - ERROR: 当前请求的错误: '成功' != 'LOGIN_EXPIRE'
- 成功
+ LOGIN_EXPIRE

[2022-09-30 11:28:25,886] - logger_.py] - ERROR: 当前请求的错误: '成功' != 'LOGIN_EXPIRE'
- 成功
+ LOGIN_EXPIRE

[2022-09-30 11:28:25,886] - logger_.py] - ERROR: 当前请求的错误: '成功' != 'LOGIN_EXPIRE'
- 成功
+ LOGIN_EXPIRE

[2022-09-30 11:28:25,886] - logger_.py] - ERROR: 当前请求的错误: '成功' != 'LOGIN_EXPIRE'
- 成功
+ LOGIN_EXPIRE

[2022-09-30 11:28:25,886] - logger_.py] - ERROR: 当前请求的错误: '成功' != 'LOGIN_EXPIRE'
- 成功
+ LOGIN_EXPIRE

[2022-09-30 11:28:25,886] - logger_.py] - ERROR: 当前请求的错误: '成功' != 'LOGIN_EXPIRE'
- 成功
+ LOGIN_EXPIRE

[2022-09-30 11:28:25,886] - logger_.py] - ERROR: 当前请求的错误: '成功' != 'LOGIN_EXPIRE'
- 成功
+ LOGIN_EXPIRE

[2022-09-30 11:28:25,886] - logger_.py] - ERROR: 当前请求的错误: '成功' != 'LOGIN_EXPIRE'
- 成功
+ LOGIN_EXPIRE

[2022-09-30 11:29:03,086] - logger_.py] - ERROR: 当前请求的错误: '成功' != '未登录'
- 成功
+ 未登录

[2022-09-30 11:29:03,086] - logger_.py] - ERROR: 当前请求的错误: '成功' != '未登录'
- 成功
+ 未登录

[2022-09-30 11:29:03,086] - logger_.py] - ERROR: 当前请求的错误: '成功' != '未登录'
- 成功
+ 未登录

[2022-09-30 11:29:03,178] - logger_.py] - ERROR: 当前请求的错误: '成功' != 'LOGIN_EXPIRE'
- 成功
+ LOGIN_EXPIRE

[2022-09-30 11:29:03,178] - logger_.py] - ERROR: 当前请求的错误: '成功' != 'LOGIN_EXPIRE'
- 成功
+ LOGIN_EXPIRE

[2022-09-30 11:29:03,178] - logger_.py] - ERROR: 当前请求的错误: '成功' != 'LOGIN_EXPIRE'
- 成功
+ LOGIN_EXPIRE

[2022-09-30 11:29:03,178] - logger_.py] - ERROR: 当前请求的错误: '成功' != 'LOGIN_EXPIRE'
- 成功
+ LOGIN_EXPIRE

[2022-09-30 11:29:03,178] - logger_.py] - ERROR: 当前请求的错误: '成功' != 'LOGIN_EXPIRE'
- 成功
+ LOGIN_EXPIRE

[2022-09-30 11:29:03,269] - logger_.py] - ERROR: 当前请求的错误: '成功' != 'LOGIN_EXPIRE'
- 成功
+ LOGIN_EXPIRE

[2022-09-30 11:29:03,269] - logger_.py] - ERROR: 当前请求的错误: '成功' != 'LOGIN_EXPIRE'
- 成功
+ LOGIN_EXPIRE

[2022-09-30 11:29:03,269] - logger_.py] - ERROR: 当前请求的错误: '成功' != 'LOGIN_EXPIRE'
- 成功
+ LOGIN_EXPIRE

[2022-09-30 11:29:03,269] - logger_.py] - ERROR: 当前请求的错误: '成功' != 'LOGIN_EXPIRE'
- 成功
+ LOGIN_EXPIRE

[2022-09-30 11:29:03,269] - logger_.py] - ERROR: 当前请求的错误: '成功' != 'LOGIN_EXPIRE'
- 成功
+ LOGIN_EXPIRE

[2022-09-30 11:29:03,269] - logger_.py] - ERROR: 当前请求的错误: '成功' != 'LOGIN_EXPIRE'
- 成功
+ LOGIN_EXPIRE

[2022-09-30 11:29:03,269] - logger_.py] - ERROR: 当前请求的错误: '成功' != 'LOGIN_EXPIRE'
- 成功
+ LOGIN_EXPIRE

[2022-09-30 11:29:03,361] - logger_.py] - ERROR: 当前请求的错误: '成功' != 'LOGIN_EXPIRE'
- 成功
+ LOGIN_EXPIRE

[2022-09-30 11:29:03,361] - logger_.py] - ERROR: 当前请求的错误: '成功' != 'LOGIN_EXPIRE'
- 成功
+ LOGIN_EXPIRE

[2022-09-30 11:29:03,361] - logger_.py] - ERROR: 当前请求的错误: '成功' != 'LOGIN_EXPIRE'
- 成功
+ LOGIN_EXPIRE

[2022-09-30 11:29:03,361] - logger_.py] - ERROR: 当前请求的错误: '成功' != 'LOGIN_EXPIRE'
- 成功
+ LOGIN_EXPIRE

[2022-09-30 11:29:03,361] - logger_.py] - ERROR: 当前请求的错误: '成功' != 'LOGIN_EXPIRE'
- 成功
+ LOGIN_EXPIRE

[2022-09-30 11:29:03,361] - logger_.py] - ERROR: 当前请求的错误: '成功' != 'LOGIN_EXPIRE'
- 成功
+ LOGIN_EXPIRE

[2022-09-30 11:29:03,361] - logger_.py] - ERROR: 当前请求的错误: '成功' != 'LOGIN_EXPIRE'
- 成功
+ LOGIN_EXPIRE

[2022-09-30 11:29:03,361] - logger_.py] - ERROR: 当前请求的错误: '成功' != 'LOGIN_EXPIRE'
- 成功
+ LOGIN_EXPIRE

[2022-09-30 11:29:03,361] - logger_.py] - ERROR: 当前请求的错误: '成功' != 'LOGIN_EXPIRE'
- 成功
+ LOGIN_EXPIRE

[2022-09-30 14:32:41,935] - logger_.py] - ERROR: 请求错误:Invalid URL '/hc/app/noAuth/logon/doRegister': No scheme supplied. Perhaps you meant http:///hc/app/noAuth/logon/doRegister?
[2022-09-30 14:42:44,429] - logger_.py] - ERROR: 请求错误:'str' object has no attribute 'items'
[2022-09-30 15:42:18,674] - logger_.py] - ERROR: 请求错误:Failed to parse: http://192.168.122.239:7037http://192.168.122.239:7037/hc/app/userInfo/saveAddressBook
[2022-09-30 15:42:18,674] - logger_.py] - ERROR: 请求错误:Failed to parse: http://192.168.122.239:7037http://192.168.122.239:7037/hc/app/userInfo/saveAddressBook
[2022-09-30 15:42:18,675] - logger_.py] - ERROR: 当前请求的错误: Failed to parse: http://192.168.122.239:7037http://192.168.122.239:7037/hc/app/userInfo/saveAddressBook
[2022-09-30 15:42:18,675] - logger_.py] - ERROR: 当前请求的错误: Failed to parse: http://192.168.122.239:7037http://192.168.122.239:7037/hc/app/userInfo/saveAddressBook
[2022-09-30 15:42:18,675] - logger_.py] - ERROR: 当前请求的错误: Failed to parse: http://192.168.122.239:7037http://192.168.122.239:7037/hc/app/userInfo/saveAddressBook
[2022-09-30 15:42:18,689] - logger_.py] - ERROR: 请求错误:Failed to parse: http://192.168.122.239:7037http://192.168.122.239:7037/hc/app/loan/queryAvailableProduct
[2022-09-30 15:42:18,689] - logger_.py] - ERROR: 请求错误:Failed to parse: http://192.168.122.239:7037http://192.168.122.239:7037/hc/app/loan/queryAvailableProduct
[2022-09-30 15:42:18,689] - logger_.py] - ERROR: 请求错误:Failed to parse: http://192.168.122.239:7037http://192.168.122.239:7037/hc/app/loan/queryAvailableProduct
[2022-09-30 15:42:18,689] - logger_.py] - ERROR: 请求错误:Failed to parse: http://192.168.122.239:7037http://192.168.122.239:7037/hc/app/loan/queryAvailableProduct
[2022-09-30 15:42:18,689] - logger_.py] - ERROR: 请求错误:Failed to parse: http://192.168.122.239:7037http://192.168.122.239:7037/hc/app/loan/queryAvailableProduct
[2022-09-30 15:42:18,690] - logger_.py] - ERROR: 当前请求的错误: Failed to parse: http://192.168.122.239:7037http://192.168.122.239:7037/hc/app/loan/queryAvailableProduct
[2022-09-30 15:42:18,690] - logger_.py] - ERROR: 当前请求的错误: Failed to parse: http://192.168.122.239:7037http://192.168.122.239:7037/hc/app/loan/queryAvailableProduct
[2022-09-30 15:42:18,690] - logger_.py] - ERROR: 当前请求的错误: Failed to parse: http://192.168.122.239:7037http://192.168.122.239:7037/hc/app/loan/queryAvailableProduct
[2022-09-30 15:42:18,690] - logger_.py] - ERROR: 当前请求的错误: Failed to parse: http://192.168.122.239:7037http://192.168.122.239:7037/hc/app/loan/queryAvailableProduct
[2022-09-30 15:42:18,690] - logger_.py] - ERROR: 当前请求的错误: Failed to parse: http://192.168.122.239:7037http://192.168.122.239:7037/hc/app/loan/queryAvailableProduct
[2022-09-30 15:42:18,690] - logger_.py] - ERROR: 当前请求的错误: Failed to parse: http://192.168.122.239:7037http://192.168.122.239:7037/hc/app/loan/queryAvailableProduct
[2022-09-30 15:42:18,693] - logger_.py] - ERROR: 请求错误:Failed to parse: http://192.168.122.239:7037http://192.168.122.239:7037/hc/app/market/submitOneProduct
[2022-09-30 15:42:18,693] - logger_.py] - ERROR: 请求错误:Failed to parse: http://192.168.122.239:7037http://192.168.122.239:7037/hc/app/market/submitOneProduct
[2022-09-30 15:42:18,693] - logger_.py] - ERROR: 请求错误:Failed to parse: http://192.168.122.239:7037http://192.168.122.239:7037/hc/app/market/submitOneProduct
[2022-09-30 15:42:18,693] - logger_.py] - ERROR: 请求错误:Failed to parse: http://192.168.122.239:7037http://192.168.122.239:7037/hc/app/market/submitOneProduct
[2022-09-30 15:42:18,693] - logger_.py] - ERROR: 请求错误:Failed to parse: http://192.168.122.239:7037http://192.168.122.239:7037/hc/app/market/submitOneProduct
[2022-09-30 15:42:18,693] - logger_.py] - ERROR: 请求错误:Failed to parse: http://192.168.122.239:7037http://192.168.122.239:7037/hc/app/market/submitOneProduct
[2022-09-30 15:42:18,693] - logger_.py] - ERROR: 请求错误:Failed to parse: http://192.168.122.239:7037http://192.168.122.239:7037/hc/app/market/submitOneProduct
[2022-09-30 15:42:18,693] - logger_.py] - ERROR: 请求错误:Failed to parse: http://192.168.122.239:7037http://192.168.122.239:7037/hc/app/market/submitOneProduct
[2022-09-30 15:42:18,704] - logger_.py] - ERROR: 当前请求的错误: Failed to parse: http://192.168.122.239:7037http://192.168.122.239:7037/hc/app/market/submitOneProduct
[2022-09-30 15:42:18,704] - logger_.py] - ERROR: 当前请求的错误: Failed to parse: http://192.168.122.239:7037http://192.168.122.239:7037/hc/app/market/submitOneProduct
[2022-09-30 15:42:18,704] - logger_.py] - ERROR: 当前请求的错误: Failed to parse: http://192.168.122.239:7037http://192.168.122.239:7037/hc/app/market/submitOneProduct
[2022-09-30 15:42:18,704] - logger_.py] - ERROR: 当前请求的错误: Failed to parse: http://192.168.122.239:7037http://192.168.122.239:7037/hc/app/market/submitOneProduct
[2022-09-30 15:42:18,704] - logger_.py] - ERROR: 当前请求的错误: Failed to parse: http://192.168.122.239:7037http://192.168.122.239:7037/hc/app/market/submitOneProduct
[2022-09-30 15:42:18,704] - logger_.py] - ERROR: 当前请求的错误: Failed to parse: http://192.168.122.239:7037http://192.168.122.239:7037/hc/app/market/submitOneProduct
[2022-09-30 15:42:18,704] - logger_.py] - ERROR: 当前请求的错误: Failed to parse: http://192.168.122.239:7037http://192.168.122.239:7037/hc/app/market/submitOneProduct
[2022-09-30 15:42:18,704] - logger_.py] - ERROR: 当前请求的错误: Failed to parse: http://192.168.122.239:7037http://192.168.122.239:7037/hc/app/market/submitOneProduct
[2022-09-30 15:42:18,704] - logger_.py] - ERROR: 当前请求的错误: Failed to parse: http://192.168.122.239:7037http://192.168.122.239:7037/hc/app/market/submitOneProduct
[2022-09-30 15:44:10,351] - logger_.py] - ERROR: 当前请求的错误: '成功' != 'BORROW_MONEY_ADJUST_PRODUCT_AMOUNT'
- 成功
+ BORROW_MONEY_ADJUST_PRODUCT_AMOUNT

[2022-09-30 15:44:10,351] - logger_.py] - ERROR: 当前请求的错误: '成功' != 'BORROW_MONEY_ADJUST_PRODUCT_AMOUNT'
- 成功
+ BORROW_MONEY_ADJUST_PRODUCT_AMOUNT

[2022-09-30 15:44:10,351] - logger_.py] - ERROR: 当前请求的错误: '成功' != 'BORROW_MONEY_ADJUST_PRODUCT_AMOUNT'
- 成功
+ BORROW_MONEY_ADJUST_PRODUCT_AMOUNT

[2022-09-30 15:44:10,351] - logger_.py] - ERROR: 当前请求的错误: '成功' != 'BORROW_MONEY_ADJUST_PRODUCT_AMOUNT'
- 成功
+ BORROW_MONEY_ADJUST_PRODUCT_AMOUNT

[2022-09-30 15:47:28,125] - logger_.py] - ERROR: 当前请求的错误: '成功' != 'BORROW_MONEY_ADJUST_PRODUCT_AMOUNT'
- 成功
+ BORROW_MONEY_ADJUST_PRODUCT_AMOUNT

[2022-09-30 15:47:28,125] - logger_.py] - ERROR: 当前请求的错误: '成功' != 'BORROW_MONEY_ADJUST_PRODUCT_AMOUNT'
- 成功
+ BORROW_MONEY_ADJUST_PRODUCT_AMOUNT

[2022-09-30 15:47:28,125] - logger_.py] - ERROR: 当前请求的错误: '成功' != 'BORROW_MONEY_ADJUST_PRODUCT_AMOUNT'
- 成功
+ BORROW_MONEY_ADJUST_PRODUCT_AMOUNT

[2022-09-30 15:47:28,125] - logger_.py] - ERROR: 当前请求的错误: '成功' != 'BORROW_MONEY_ADJUST_PRODUCT_AMOUNT'
- 成功
+ BORROW_MONEY_ADJUST_PRODUCT_AMOUNT

[2022-09-30 15:52:29,268] - logger_.py] - ERROR: 当前请求的错误: '成功' != 'BORROW_MONEY_ADJUST_PRODUCT_AMOUNT'
- 成功
+ BORROW_MONEY_ADJUST_PRODUCT_AMOUNT

[2022-09-30 15:52:29,268] - logger_.py] - ERROR: 当前请求的错误: '成功' != 'BORROW_MONEY_ADJUST_PRODUCT_AMOUNT'
- 成功
+ BORROW_MONEY_ADJUST_PRODUCT_AMOUNT

[2022-09-30 15:52:29,268] - logger_.py] - ERROR: 当前请求的错误: '成功' != 'BORROW_MONEY_ADJUST_PRODUCT_AMOUNT'
- 成功
+ BORROW_MONEY_ADJUST_PRODUCT_AMOUNT

[2022-09-30 15:52:29,268] - logger_.py] - ERROR: 当前请求的错误: '成功' != 'BORROW_MONEY_ADJUST_PRODUCT_AMOUNT'
- 成功
+ BORROW_MONEY_ADJUST_PRODUCT_AMOUNT

[2022-09-30 15:52:29,268] - logger_.py] - ERROR: 当前请求的错误: '成功' != 'BORROW_MONEY_ADJUST_PRODUCT_AMOUNT'
- 成功
+ BORROW_MONEY_ADJUST_PRODUCT_AMOUNT

[2022-09-30 15:52:29,268] - logger_.py] - ERROR: 当前请求的错误: '成功' != 'BORROW_MONEY_ADJUST_PRODUCT_AMOUNT'
- 成功
+ BORROW_MONEY_ADJUST_PRODUCT_AMOUNT

[2022-09-30 15:52:29,268] - logger_.py] - ERROR: 当前请求的错误: '成功' != 'BORROW_MONEY_ADJUST_PRODUCT_AMOUNT'
- 成功
+ BORROW_MONEY_ADJUST_PRODUCT_AMOUNT

[2022-09-30 15:56:08,249] - logger_.py] - ERROR: 当前请求的错误: '成功' != 'BORROW_MONEY_ADJUST_PRODUCT_AMOUNT'
- 成功
+ BORROW_MONEY_ADJUST_PRODUCT_AMOUNT

[2022-09-30 15:56:08,249] - logger_.py] - ERROR: 当前请求的错误: '成功' != 'BORROW_MONEY_ADJUST_PRODUCT_AMOUNT'
- 成功
+ BORROW_MONEY_ADJUST_PRODUCT_AMOUNT

[2022-09-30 15:56:08,249] - logger_.py] - ERROR: 当前请求的错误: '成功' != 'BORROW_MONEY_ADJUST_PRODUCT_AMOUNT'
- 成功
+ BORROW_MONEY_ADJUST_PRODUCT_AMOUNT

[2022-09-30 15:56:08,249] - logger_.py] - ERROR: 当前请求的错误: '成功' != 'BORROW_MONEY_ADJUST_PRODUCT_AMOUNT'
- 成功
+ BORROW_MONEY_ADJUST_PRODUCT_AMOUNT

[2022-09-30 15:56:08,249] - logger_.py] - ERROR: 当前请求的错误: '成功' != 'BORROW_MONEY_ADJUST_PRODUCT_AMOUNT'
- 成功
+ BORROW_MONEY_ADJUST_PRODUCT_AMOUNT

[2022-09-30 15:56:08,249] - logger_.py] - ERROR: 当前请求的错误: '成功' != 'BORROW_MONEY_ADJUST_PRODUCT_AMOUNT'
- 成功
+ BORROW_MONEY_ADJUST_PRODUCT_AMOUNT

[2022-09-30 15:56:08,249] - logger_.py] - ERROR: 当前请求的错误: '成功' != 'BORROW_MONEY_ADJUST_PRODUCT_AMOUNT'
- 成功
+ BORROW_MONEY_ADJUST_PRODUCT_AMOUNT

[2022-09-30 15:57:02,735] - logger_.py] - ERROR: 当前请求的错误: '成功' != 'BORROW_MONEY_ADJUST_PRODUCT_AMOUNT'
- 成功
+ BORROW_MONEY_ADJUST_PRODUCT_AMOUNT

[2022-09-30 15:57:02,735] - logger_.py] - ERROR: 当前请求的错误: '成功' != 'BORROW_MONEY_ADJUST_PRODUCT_AMOUNT'
- 成功
+ BORROW_MONEY_ADJUST_PRODUCT_AMOUNT

[2022-09-30 15:57:02,735] - logger_.py] - ERROR: 当前请求的错误: '成功' != 'BORROW_MONEY_ADJUST_PRODUCT_AMOUNT'
- 成功
+ BORROW_MONEY_ADJUST_PRODUCT_AMOUNT

[2022-09-30 15:57:02,735] - logger_.py] - ERROR: 当前请求的错误: '成功' != 'BORROW_MONEY_ADJUST_PRODUCT_AMOUNT'
- 成功
+ BORROW_MONEY_ADJUST_PRODUCT_AMOUNT

[2022-09-30 15:57:02,735] - logger_.py] - ERROR: 当前请求的错误: '成功' != 'BORROW_MONEY_ADJUST_PRODUCT_AMOUNT'
- 成功
+ BORROW_MONEY_ADJUST_PRODUCT_AMOUNT

[2022-09-30 15:57:02,735] - logger_.py] - ERROR: 当前请求的错误: '成功' != 'BORROW_MONEY_ADJUST_PRODUCT_AMOUNT'
- 成功
+ BORROW_MONEY_ADJUST_PRODUCT_AMOUNT

[2022-09-30 15:57:02,735] - logger_.py] - ERROR: 当前请求的错误: '成功' != 'BORROW_MONEY_ADJUST_PRODUCT_AMOUNT'
- 成功
+ BORROW_MONEY_ADJUST_PRODUCT_AMOUNT

[2022-09-30 15:57:02,735] - logger_.py] - ERROR: 当前请求的错误: '成功' != 'BORROW_MONEY_ADJUST_PRODUCT_AMOUNT'
- 成功
+ BORROW_MONEY_ADJUST_PRODUCT_AMOUNT

[2022-09-30 15:57:02,735] - logger_.py] - ERROR: 当前请求的错误: '成功' != 'BORROW_MONEY_ADJUST_PRODUCT_AMOUNT'
- 成功
+ BORROW_MONEY_ADJUST_PRODUCT_AMOUNT

[2022-09-30 15:57:30,851] - logger_.py] - ERROR: 当前请求的错误: '成功' != 'BORROW_MONEY_ADJUST_PRODUCT_AMOUNT'
- 成功
+ BORROW_MONEY_ADJUST_PRODUCT_AMOUNT

[2022-09-30 15:57:30,851] - logger_.py] - ERROR: 当前请求的错误: '成功' != 'BORROW_MONEY_ADJUST_PRODUCT_AMOUNT'
- 成功
+ BORROW_MONEY_ADJUST_PRODUCT_AMOUNT

[2022-09-30 15:57:30,851] - logger_.py] - ERROR: 当前请求的错误: '成功' != 'BORROW_MONEY_ADJUST_PRODUCT_AMOUNT'
- 成功
+ BORROW_MONEY_ADJUST_PRODUCT_AMOUNT

[2022-09-30 15:57:30,851] - logger_.py] - ERROR: 当前请求的错误: '成功' != 'BORROW_MONEY_ADJUST_PRODUCT_AMOUNT'
- 成功
+ BORROW_MONEY_ADJUST_PRODUCT_AMOUNT

[2022-09-30 15:57:30,851] - logger_.py] - ERROR: 当前请求的错误: '成功' != 'BORROW_MONEY_ADJUST_PRODUCT_AMOUNT'
- 成功
+ BORROW_MONEY_ADJUST_PRODUCT_AMOUNT

[2022-09-30 15:57:30,851] - logger_.py] - ERROR: 当前请求的错误: '成功' != 'BORROW_MONEY_ADJUST_PRODUCT_AMOUNT'
- 成功
+ BORROW_MONEY_ADJUST_PRODUCT_AMOUNT

[2022-09-30 15:57:30,851] - logger_.py] - ERROR: 当前请求的错误: '成功' != 'BORROW_MONEY_ADJUST_PRODUCT_AMOUNT'
- 成功
+ BORROW_MONEY_ADJUST_PRODUCT_AMOUNT

[2022-09-30 15:57:30,851] - logger_.py] - ERROR: 当前请求的错误: '成功' != 'BORROW_MONEY_ADJUST_PRODUCT_AMOUNT'
- 成功
+ BORROW_MONEY_ADJUST_PRODUCT_AMOUNT

[2022-09-30 15:57:30,851] - logger_.py] - ERROR: 当前请求的错误: '成功' != 'BORROW_MONEY_ADJUST_PRODUCT_AMOUNT'
- 成功
+ BORROW_MONEY_ADJUST_PRODUCT_AMOUNT

[2022-09-30 16:04:54,264] - logger_.py] - ERROR: 当前请求的错误: '成功' != 'BORROW_MONEY_ADJUST_PRODUCT_AMOUNT'
- 成功
+ BORROW_MONEY_ADJUST_PRODUCT_AMOUNT

[2022-09-30 16:04:54,264] - logger_.py] - ERROR: 当前请求的错误: '成功' != 'BORROW_MONEY_ADJUST_PRODUCT_AMOUNT'
- 成功
+ BORROW_MONEY_ADJUST_PRODUCT_AMOUNT

[2022-09-30 16:04:54,264] - logger_.py] - ERROR: 当前请求的错误: '成功' != 'BORROW_MONEY_ADJUST_PRODUCT_AMOUNT'
- 成功
+ BORROW_MONEY_ADJUST_PRODUCT_AMOUNT

[2022-09-30 16:04:54,264] - logger_.py] - ERROR: 当前请求的错误: '成功' != 'BORROW_MONEY_ADJUST_PRODUCT_AMOUNT'
- 成功
+ BORROW_MONEY_ADJUST_PRODUCT_AMOUNT

[2022-09-30 16:04:54,264] - logger_.py] - ERROR: 当前请求的错误: '成功' != 'BORROW_MONEY_ADJUST_PRODUCT_AMOUNT'
- 成功
+ BORROW_MONEY_ADJUST_PRODUCT_AMOUNT

[2022-09-30 16:04:54,264] - logger_.py] - ERROR: 当前请求的错误: '成功' != 'BORROW_MONEY_ADJUST_PRODUCT_AMOUNT'
- 成功
+ BORROW_MONEY_ADJUST_PRODUCT_AMOUNT

[2022-09-30 16:04:54,264] - logger_.py] - ERROR: 当前请求的错误: '成功' != 'BORROW_MONEY_ADJUST_PRODUCT_AMOUNT'
- 成功
+ BORROW_MONEY_ADJUST_PRODUCT_AMOUNT

[2022-09-30 16:04:54,264] - logger_.py] - ERROR: 当前请求的错误: '成功' != 'BORROW_MONEY_ADJUST_PRODUCT_AMOUNT'
- 成功
+ BORROW_MONEY_ADJUST_PRODUCT_AMOUNT

[2022-09-30 16:04:54,264] - logger_.py] - ERROR: 当前请求的错误: '成功' != 'BORROW_MONEY_ADJUST_PRODUCT_AMOUNT'
- 成功
+ BORROW_MONEY_ADJUST_PRODUCT_AMOUNT

[2022-09-30 16:04:54,264] - logger_.py] - ERROR: 当前请求的错误: '成功' != 'BORROW_MONEY_ADJUST_PRODUCT_AMOUNT'
- 成功
+ BORROW_MONEY_ADJUST_PRODUCT_AMOUNT

