[2022-10-10 14:34:39,262] - logger_.py] - ERROR: 当前请求的错误: '成功' != 'CHOICE_PRODUCT_AMOUNT_ADJUST'
- 成功
+ CHOICE_PRODUCT_AMOUNT_ADJUST

[2022-10-10 14:34:39,262] - logger_.py] - ERROR: 当前请求的错误: '成功' != 'CHOICE_PRODUCT_AMOUNT_ADJUST'
- 成功
+ CHOICE_PRODUCT_AMOUNT_ADJUST

[2022-10-10 14:34:39,262] - logger_.py] - ERROR: 当前请求的错误: '成功' != 'CHOICE_PRODUCT_AMOUNT_ADJUST'
- 成功
+ CHOICE_PRODUCT_AMOUNT_ADJUST

[2022-10-10 14:34:39,262] - logger_.py] - ERROR: 当前请求的错误: '成功' != 'CHOICE_PRODUCT_AMOUNT_ADJUST'
- 成功
+ CHOICE_PRODUCT_AMOUNT_ADJUST

[2022-10-10 14:34:39,262] - logger_.py] - ERROR: 当前请求的错误: '成功' != 'CHOICE_PRODUCT_AMOUNT_ADJUST'
- 成功
+ CHOICE_PRODUCT_AMOUNT_ADJUST

[2022-10-10 14:34:39,262] - logger_.py] - ERROR: 当前请求的错误: '成功' != 'CHOICE_PRODUCT_AMOUNT_ADJUST'
- 成功
+ CHOICE_PRODUCT_AMOUNT_ADJUST

[2022-10-10 14:34:39,262] - logger_.py] - ERROR: 当前请求的错误: '成功' != 'CHOICE_PRODUCT_AMOUNT_ADJUST'
- 成功
+ CHOICE_PRODUCT_AMOUNT_ADJUST

[2022-10-10 14:34:39,262] - logger_.py] - ERROR: 当前请求的错误: '成功' != 'CHOICE_PRODUCT_AMOUNT_ADJUST'
- 成功
+ CHOICE_PRODUCT_AMOUNT_ADJUST

[2022-10-10 14:34:39,262] - logger_.py] - ERROR: 当前请求的错误: '成功' != 'CHOICE_PRODUCT_AMOUNT_ADJUST'
- 成功
+ CHOICE_PRODUCT_AMOUNT_ADJUST

[2022-10-10 14:34:39,262] - logger_.py] - ERROR: 当前请求的错误: '成功' != 'CHOICE_PRODUCT_AMOUNT_ADJUST'
- 成功
+ CHOICE_PRODUCT_AMOUNT_ADJUST

[2022-10-10 14:49:28,744] - logger_.py] - ERROR: 当前请求的错误: '成功' != 'Server busy'
- 成功
+ Server busy

[2022-10-10 14:49:28,744] - logger_.py] - ERROR: 当前请求的错误: '成功' != 'Server busy'
- 成功
+ Server busy

[2022-10-10 14:49:28,744] - logger_.py] - ERROR: 当前请求的错误: '成功' != 'Server busy'
- 成功
+ Server busy

[2022-10-10 14:49:28,744] - logger_.py] - ERROR: 当前请求的错误: '成功' != 'Server busy'
- 成功
+ Server busy

[2022-10-10 14:49:28,744] - logger_.py] - ERROR: 当前请求的错误: '成功' != 'Server busy'
- 成功
+ Server busy

[2022-10-10 14:49:28,744] - logger_.py] - ERROR: 当前请求的错误: '成功' != 'Server busy'
- 成功
+ Server busy

[2022-10-10 14:49:28,744] - logger_.py] - ERROR: 当前请求的错误: '成功' != 'Server busy'
- 成功
+ Server busy

[2022-10-10 14:49:28,744] - logger_.py] - ERROR: 当前请求的错误: '成功' != 'Server busy'
- 成功
+ Server busy

[2022-10-10 14:49:28,744] - logger_.py] - ERROR: 当前请求的错误: '成功' != 'Server busy'
- 成功
+ Server busy

[2022-10-10 14:49:28,744] - logger_.py] - ERROR: 当前请求的错误: '成功' != 'Server busy'
- 成功
+ Server busy

