[2022-10-08 09:39:41,419] - logger_.py] - ERROR: 当前请求的错误: '成功' != 'CHOICE_PRODUCT_AMOUNT_ADJUST'
- 成功
+ CHOICE_PRODUCT_AMOUNT_ADJUST

[2022-10-08 09:39:41,419] - logger_.py] - ERROR: 当前请求的错误: '成功' != 'CHOICE_PRODUCT_AMOUNT_ADJUST'
- 成功
+ CHOICE_PRODUCT_AMOUNT_ADJUST

[2022-10-08 09:39:41,419] - logger_.py] - ERROR: 当前请求的错误: '成功' != 'CHOICE_PRODUCT_AMOUNT_ADJUST'
- 成功
+ CHOICE_PRODUCT_AMOUNT_ADJUST

[2022-10-08 09:39:41,419] - logger_.py] - ERROR: 当前请求的错误: '成功' != 'CHOICE_PRODUCT_AMOUNT_ADJUST'
- 成功
+ CHOICE_PRODUCT_AMOUNT_ADJUST

[2022-10-08 09:39:41,419] - logger_.py] - ERROR: 当前请求的错误: '成功' != 'CHOICE_PRODUCT_AMOUNT_ADJUST'
- 成功
+ CHOICE_PRODUCT_AMOUNT_ADJUST

[2022-10-08 09:39:41,419] - logger_.py] - ERROR: 当前请求的错误: '成功' != 'CHOICE_PRODUCT_AMOUNT_ADJUST'
- 成功
+ CHOICE_PRODUCT_AMOUNT_ADJUST

[2022-10-08 09:39:41,419] - logger_.py] - ERROR: 当前请求的错误: '成功' != 'CHOICE_PRODUCT_AMOUNT_ADJUST'
- 成功
+ CHOICE_PRODUCT_AMOUNT_ADJUST

[2022-10-08 09:39:41,419] - logger_.py] - ERROR: 当前请求的错误: '成功' != 'CHOICE_PRODUCT_AMOUNT_ADJUST'
- 成功
+ CHOICE_PRODUCT_AMOUNT_ADJUST

[2022-10-08 09:39:41,419] - logger_.py] - ERROR: 当前请求的错误: '成功' != 'CHOICE_PRODUCT_AMOUNT_ADJUST'
- 成功
+ CHOICE_PRODUCT_AMOUNT_ADJUST

[2022-10-08 09:39:41,419] - logger_.py] - ERROR: 当前请求的错误: '成功' != 'CHOICE_PRODUCT_AMOUNT_ADJUST'
- 成功
+ CHOICE_PRODUCT_AMOUNT_ADJUST

[2022-10-08 09:44:53,202] - logger_.py] - ERROR: 当前请求的错误: '成功' != 'CHOICE_PRODUCT_AMOUNT_ADJUST'
- 成功
+ CHOICE_PRODUCT_AMOUNT_ADJUST

[2022-10-08 09:44:53,202] - logger_.py] - ERROR: 当前请求的错误: '成功' != 'CHOICE_PRODUCT_AMOUNT_ADJUST'
- 成功
+ CHOICE_PRODUCT_AMOUNT_ADJUST

[2022-10-08 09:44:53,202] - logger_.py] - ERROR: 当前请求的错误: '成功' != 'CHOICE_PRODUCT_AMOUNT_ADJUST'
- 成功
+ CHOICE_PRODUCT_AMOUNT_ADJUST

[2022-10-08 09:44:53,202] - logger_.py] - ERROR: 当前请求的错误: '成功' != 'CHOICE_PRODUCT_AMOUNT_ADJUST'
- 成功
+ CHOICE_PRODUCT_AMOUNT_ADJUST

[2022-10-08 09:44:53,202] - logger_.py] - ERROR: 当前请求的错误: '成功' != 'CHOICE_PRODUCT_AMOUNT_ADJUST'
- 成功
+ CHOICE_PRODUCT_AMOUNT_ADJUST

[2022-10-08 09:44:53,202] - logger_.py] - ERROR: 当前请求的错误: '成功' != 'CHOICE_PRODUCT_AMOUNT_ADJUST'
- 成功
+ CHOICE_PRODUCT_AMOUNT_ADJUST

[2022-10-08 09:44:53,202] - logger_.py] - ERROR: 当前请求的错误: '成功' != 'CHOICE_PRODUCT_AMOUNT_ADJUST'
- 成功
+ CHOICE_PRODUCT_AMOUNT_ADJUST

[2022-10-08 09:44:53,202] - logger_.py] - ERROR: 当前请求的错误: '成功' != 'CHOICE_PRODUCT_AMOUNT_ADJUST'
- 成功
+ CHOICE_PRODUCT_AMOUNT_ADJUST

[2022-10-08 09:44:53,202] - logger_.py] - ERROR: 当前请求的错误: '成功' != 'CHOICE_PRODUCT_AMOUNT_ADJUST'
- 成功
+ CHOICE_PRODUCT_AMOUNT_ADJUST

[2022-10-08 09:44:53,202] - logger_.py] - ERROR: 当前请求的错误: '成功' != 'CHOICE_PRODUCT_AMOUNT_ADJUST'
- 成功
+ CHOICE_PRODUCT_AMOUNT_ADJUST

[2022-10-08 09:45:27,742] - logger_.py] - ERROR: 当前请求的错误: '成功' != 'CHOICE_PRODUCT_AMOUNT_ADJUST'
- 成功
+ CHOICE_PRODUCT_AMOUNT_ADJUST

[2022-10-08 09:45:27,742] - logger_.py] - ERROR: 当前请求的错误: '成功' != 'CHOICE_PRODUCT_AMOUNT_ADJUST'
- 成功
+ CHOICE_PRODUCT_AMOUNT_ADJUST

[2022-10-08 09:45:27,742] - logger_.py] - ERROR: 当前请求的错误: '成功' != 'CHOICE_PRODUCT_AMOUNT_ADJUST'
- 成功
+ CHOICE_PRODUCT_AMOUNT_ADJUST

[2022-10-08 09:45:27,742] - logger_.py] - ERROR: 当前请求的错误: '成功' != 'CHOICE_PRODUCT_AMOUNT_ADJUST'
- 成功
+ CHOICE_PRODUCT_AMOUNT_ADJUST

[2022-10-08 09:45:27,742] - logger_.py] - ERROR: 当前请求的错误: '成功' != 'CHOICE_PRODUCT_AMOUNT_ADJUST'
- 成功
+ CHOICE_PRODUCT_AMOUNT_ADJUST

[2022-10-08 09:45:27,742] - logger_.py] - ERROR: 当前请求的错误: '成功' != 'CHOICE_PRODUCT_AMOUNT_ADJUST'
- 成功
+ CHOICE_PRODUCT_AMOUNT_ADJUST

[2022-10-08 09:45:27,742] - logger_.py] - ERROR: 当前请求的错误: '成功' != 'CHOICE_PRODUCT_AMOUNT_ADJUST'
- 成功
+ CHOICE_PRODUCT_AMOUNT_ADJUST

[2022-10-08 09:45:27,742] - logger_.py] - ERROR: 当前请求的错误: '成功' != 'CHOICE_PRODUCT_AMOUNT_ADJUST'
- 成功
+ CHOICE_PRODUCT_AMOUNT_ADJUST

[2022-10-08 09:45:27,742] - logger_.py] - ERROR: 当前请求的错误: '成功' != 'CHOICE_PRODUCT_AMOUNT_ADJUST'
- 成功
+ CHOICE_PRODUCT_AMOUNT_ADJUST

[2022-10-08 09:45:27,742] - logger_.py] - ERROR: 当前请求的错误: '成功' != 'CHOICE_PRODUCT_AMOUNT_ADJUST'
- 成功
+ CHOICE_PRODUCT_AMOUNT_ADJUST

[2022-10-08 09:50:48,849] - logger_.py] - ERROR: 当前请求的错误: '成功' != 'CHOICE_PRODUCT_AMOUNT_ADJUST'
- 成功
+ CHOICE_PRODUCT_AMOUNT_ADJUST

[2022-10-08 09:50:48,849] - logger_.py] - ERROR: 当前请求的错误: '成功' != 'CHOICE_PRODUCT_AMOUNT_ADJUST'
- 成功
+ CHOICE_PRODUCT_AMOUNT_ADJUST

[2022-10-08 09:50:48,849] - logger_.py] - ERROR: 当前请求的错误: '成功' != 'CHOICE_PRODUCT_AMOUNT_ADJUST'
- 成功
+ CHOICE_PRODUCT_AMOUNT_ADJUST

[2022-10-08 09:50:48,849] - logger_.py] - ERROR: 当前请求的错误: '成功' != 'CHOICE_PRODUCT_AMOUNT_ADJUST'
- 成功
+ CHOICE_PRODUCT_AMOUNT_ADJUST

[2022-10-08 09:50:48,849] - logger_.py] - ERROR: 当前请求的错误: '成功' != 'CHOICE_PRODUCT_AMOUNT_ADJUST'
- 成功
+ CHOICE_PRODUCT_AMOUNT_ADJUST

[2022-10-08 09:50:48,849] - logger_.py] - ERROR: 当前请求的错误: '成功' != 'CHOICE_PRODUCT_AMOUNT_ADJUST'
- 成功
+ CHOICE_PRODUCT_AMOUNT_ADJUST

[2022-10-08 09:50:48,849] - logger_.py] - ERROR: 当前请求的错误: '成功' != 'CHOICE_PRODUCT_AMOUNT_ADJUST'
- 成功
+ CHOICE_PRODUCT_AMOUNT_ADJUST

[2022-10-08 09:50:48,849] - logger_.py] - ERROR: 当前请求的错误: '成功' != 'CHOICE_PRODUCT_AMOUNT_ADJUST'
- 成功
+ CHOICE_PRODUCT_AMOUNT_ADJUST

[2022-10-08 09:50:48,849] - logger_.py] - ERROR: 当前请求的错误: '成功' != 'CHOICE_PRODUCT_AMOUNT_ADJUST'
- 成功
+ CHOICE_PRODUCT_AMOUNT_ADJUST

[2022-10-08 09:50:48,849] - logger_.py] - ERROR: 当前请求的错误: '成功' != 'CHOICE_PRODUCT_AMOUNT_ADJUST'
- 成功
+ CHOICE_PRODUCT_AMOUNT_ADJUST

[2022-10-08 18:03:53,782] - logger_.py] - ERROR: 当前请求的错误: '成功' != 'BORROW_MONEY_ADJUST_PRODUCT_AMOUNT'
- 成功
+ BORROW_MONEY_ADJUST_PRODUCT_AMOUNT

[2022-10-08 18:03:53,782] - logger_.py] - ERROR: 当前请求的错误: '成功' != 'BORROW_MONEY_ADJUST_PRODUCT_AMOUNT'
- 成功
+ BORROW_MONEY_ADJUST_PRODUCT_AMOUNT

[2022-10-08 18:03:53,782] - logger_.py] - ERROR: 当前请求的错误: '成功' != 'BORROW_MONEY_ADJUST_PRODUCT_AMOUNT'
- 成功
+ BORROW_MONEY_ADJUST_PRODUCT_AMOUNT

[2022-10-08 18:03:53,782] - logger_.py] - ERROR: 当前请求的错误: '成功' != 'BORROW_MONEY_ADJUST_PRODUCT_AMOUNT'
- 成功
+ BORROW_MONEY_ADJUST_PRODUCT_AMOUNT

[2022-10-08 18:03:53,782] - logger_.py] - ERROR: 当前请求的错误: '成功' != 'BORROW_MONEY_ADJUST_PRODUCT_AMOUNT'
- 成功
+ BORROW_MONEY_ADJUST_PRODUCT_AMOUNT

[2022-10-08 18:03:53,782] - logger_.py] - ERROR: 当前请求的错误: '成功' != 'BORROW_MONEY_ADJUST_PRODUCT_AMOUNT'
- 成功
+ BORROW_MONEY_ADJUST_PRODUCT_AMOUNT

[2022-10-08 18:03:53,782] - logger_.py] - ERROR: 当前请求的错误: '成功' != 'BORROW_MONEY_ADJUST_PRODUCT_AMOUNT'
- 成功
+ BORROW_MONEY_ADJUST_PRODUCT_AMOUNT

[2022-10-08 18:03:53,782] - logger_.py] - ERROR: 当前请求的错误: '成功' != 'BORROW_MONEY_ADJUST_PRODUCT_AMOUNT'
- 成功
+ BORROW_MONEY_ADJUST_PRODUCT_AMOUNT

[2022-10-08 18:03:53,782] - logger_.py] - ERROR: 当前请求的错误: '成功' != 'BORROW_MONEY_ADJUST_PRODUCT_AMOUNT'
- 成功
+ BORROW_MONEY_ADJUST_PRODUCT_AMOUNT

[2022-10-08 18:03:53,782] - logger_.py] - ERROR: 当前请求的错误: '成功' != 'BORROW_MONEY_ADJUST_PRODUCT_AMOUNT'
- 成功
+ BORROW_MONEY_ADJUST_PRODUCT_AMOUNT

[2022-10-08 18:11:29,584] - logger_.py] - ERROR: 当前请求的错误: '成功' != 'BORROW_MONEY_ADJUST_PRODUCT_AMOUNT'
- 成功
+ BORROW_MONEY_ADJUST_PRODUCT_AMOUNT

[2022-10-08 18:11:29,584] - logger_.py] - ERROR: 当前请求的错误: '成功' != 'BORROW_MONEY_ADJUST_PRODUCT_AMOUNT'
- 成功
+ BORROW_MONEY_ADJUST_PRODUCT_AMOUNT

[2022-10-08 18:11:29,584] - logger_.py] - ERROR: 当前请求的错误: '成功' != 'BORROW_MONEY_ADJUST_PRODUCT_AMOUNT'
- 成功
+ BORROW_MONEY_ADJUST_PRODUCT_AMOUNT

[2022-10-08 18:11:29,584] - logger_.py] - ERROR: 当前请求的错误: '成功' != 'BORROW_MONEY_ADJUST_PRODUCT_AMOUNT'
- 成功
+ BORROW_MONEY_ADJUST_PRODUCT_AMOUNT

[2022-10-08 18:11:29,584] - logger_.py] - ERROR: 当前请求的错误: '成功' != 'BORROW_MONEY_ADJUST_PRODUCT_AMOUNT'
- 成功
+ BORROW_MONEY_ADJUST_PRODUCT_AMOUNT

[2022-10-08 18:11:29,584] - logger_.py] - ERROR: 当前请求的错误: '成功' != 'BORROW_MONEY_ADJUST_PRODUCT_AMOUNT'
- 成功
+ BORROW_MONEY_ADJUST_PRODUCT_AMOUNT

[2022-10-08 18:11:29,584] - logger_.py] - ERROR: 当前请求的错误: '成功' != 'BORROW_MONEY_ADJUST_PRODUCT_AMOUNT'
- 成功
+ BORROW_MONEY_ADJUST_PRODUCT_AMOUNT

[2022-10-08 18:11:29,584] - logger_.py] - ERROR: 当前请求的错误: '成功' != 'BORROW_MONEY_ADJUST_PRODUCT_AMOUNT'
- 成功
+ BORROW_MONEY_ADJUST_PRODUCT_AMOUNT

[2022-10-08 18:11:29,584] - logger_.py] - ERROR: 当前请求的错误: '成功' != 'BORROW_MONEY_ADJUST_PRODUCT_AMOUNT'
- 成功
+ BORROW_MONEY_ADJUST_PRODUCT_AMOUNT

[2022-10-08 18:11:29,584] - logger_.py] - ERROR: 当前请求的错误: '成功' != 'BORROW_MONEY_ADJUST_PRODUCT_AMOUNT'
- 成功
+ BORROW_MONEY_ADJUST_PRODUCT_AMOUNT

[2022-10-08 18:16:35,913] - logger_.py] - ERROR: 当前请求的错误: '成功' != 'CHOICE_PRODUCT_AMOUNT_ADJUST'
- 成功
+ CHOICE_PRODUCT_AMOUNT_ADJUST

[2022-10-08 18:16:35,913] - logger_.py] - ERROR: 当前请求的错误: '成功' != 'CHOICE_PRODUCT_AMOUNT_ADJUST'
- 成功
+ CHOICE_PRODUCT_AMOUNT_ADJUST

[2022-10-08 18:16:35,913] - logger_.py] - ERROR: 当前请求的错误: '成功' != 'CHOICE_PRODUCT_AMOUNT_ADJUST'
- 成功
+ CHOICE_PRODUCT_AMOUNT_ADJUST

[2022-10-08 18:16:35,913] - logger_.py] - ERROR: 当前请求的错误: '成功' != 'CHOICE_PRODUCT_AMOUNT_ADJUST'
- 成功
+ CHOICE_PRODUCT_AMOUNT_ADJUST

[2022-10-08 18:16:35,913] - logger_.py] - ERROR: 当前请求的错误: '成功' != 'CHOICE_PRODUCT_AMOUNT_ADJUST'
- 成功
+ CHOICE_PRODUCT_AMOUNT_ADJUST

[2022-10-08 18:16:35,913] - logger_.py] - ERROR: 当前请求的错误: '成功' != 'CHOICE_PRODUCT_AMOUNT_ADJUST'
- 成功
+ CHOICE_PRODUCT_AMOUNT_ADJUST

[2022-10-08 18:16:35,913] - logger_.py] - ERROR: 当前请求的错误: '成功' != 'CHOICE_PRODUCT_AMOUNT_ADJUST'
- 成功
+ CHOICE_PRODUCT_AMOUNT_ADJUST

[2022-10-08 18:16:35,913] - logger_.py] - ERROR: 当前请求的错误: '成功' != 'CHOICE_PRODUCT_AMOUNT_ADJUST'
- 成功
+ CHOICE_PRODUCT_AMOUNT_ADJUST

[2022-10-08 18:16:35,913] - logger_.py] - ERROR: 当前请求的错误: '成功' != 'CHOICE_PRODUCT_AMOUNT_ADJUST'
- 成功
+ CHOICE_PRODUCT_AMOUNT_ADJUST

[2022-10-08 18:16:35,913] - logger_.py] - ERROR: 当前请求的错误: '成功' != 'CHOICE_PRODUCT_AMOUNT_ADJUST'
- 成功
+ CHOICE_PRODUCT_AMOUNT_ADJUST

[2022-10-08 18:38:13,696] - logger_.py] - ERROR: 当前请求的错误: '成功' != 'CHOICE_PRODUCT_AMOUNT_ADJUST'
- 成功
+ CHOICE_PRODUCT_AMOUNT_ADJUST

[2022-10-08 18:38:13,696] - logger_.py] - ERROR: 当前请求的错误: '成功' != 'CHOICE_PRODUCT_AMOUNT_ADJUST'
- 成功
+ CHOICE_PRODUCT_AMOUNT_ADJUST

[2022-10-08 18:38:13,696] - logger_.py] - ERROR: 当前请求的错误: '成功' != 'CHOICE_PRODUCT_AMOUNT_ADJUST'
- 成功
+ CHOICE_PRODUCT_AMOUNT_ADJUST

[2022-10-08 18:38:13,696] - logger_.py] - ERROR: 当前请求的错误: '成功' != 'CHOICE_PRODUCT_AMOUNT_ADJUST'
- 成功
+ CHOICE_PRODUCT_AMOUNT_ADJUST

[2022-10-08 18:38:13,696] - logger_.py] - ERROR: 当前请求的错误: '成功' != 'CHOICE_PRODUCT_AMOUNT_ADJUST'
- 成功
+ CHOICE_PRODUCT_AMOUNT_ADJUST

[2022-10-08 18:38:13,696] - logger_.py] - ERROR: 当前请求的错误: '成功' != 'CHOICE_PRODUCT_AMOUNT_ADJUST'
- 成功
+ CHOICE_PRODUCT_AMOUNT_ADJUST

[2022-10-08 18:38:13,696] - logger_.py] - ERROR: 当前请求的错误: '成功' != 'CHOICE_PRODUCT_AMOUNT_ADJUST'
- 成功
+ CHOICE_PRODUCT_AMOUNT_ADJUST

[2022-10-08 18:38:13,696] - logger_.py] - ERROR: 当前请求的错误: '成功' != 'CHOICE_PRODUCT_AMOUNT_ADJUST'
- 成功
+ CHOICE_PRODUCT_AMOUNT_ADJUST

[2022-10-08 18:38:13,696] - logger_.py] - ERROR: 当前请求的错误: '成功' != 'CHOICE_PRODUCT_AMOUNT_ADJUST'
- 成功
+ CHOICE_PRODUCT_AMOUNT_ADJUST

[2022-10-08 18:38:13,696] - logger_.py] - ERROR: 当前请求的错误: '成功' != 'CHOICE_PRODUCT_AMOUNT_ADJUST'
- 成功
+ CHOICE_PRODUCT_AMOUNT_ADJUST

[2022-10-08 18:44:57,850] - logger_.py] - ERROR: 当前请求的错误: '成功' != 'BORROW_MONEY_ADJUST_PRODUCT_AMOUNT'
- 成功
+ BORROW_MONEY_ADJUST_PRODUCT_AMOUNT

[2022-10-08 18:44:57,850] - logger_.py] - ERROR: 当前请求的错误: '成功' != 'BORROW_MONEY_ADJUST_PRODUCT_AMOUNT'
- 成功
+ BORROW_MONEY_ADJUST_PRODUCT_AMOUNT

[2022-10-08 18:44:57,850] - logger_.py] - ERROR: 当前请求的错误: '成功' != 'BORROW_MONEY_ADJUST_PRODUCT_AMOUNT'
- 成功
+ BORROW_MONEY_ADJUST_PRODUCT_AMOUNT

[2022-10-08 18:44:57,850] - logger_.py] - ERROR: 当前请求的错误: '成功' != 'BORROW_MONEY_ADJUST_PRODUCT_AMOUNT'
- 成功
+ BORROW_MONEY_ADJUST_PRODUCT_AMOUNT

[2022-10-08 18:44:57,850] - logger_.py] - ERROR: 当前请求的错误: '成功' != 'BORROW_MONEY_ADJUST_PRODUCT_AMOUNT'
- 成功
+ BORROW_MONEY_ADJUST_PRODUCT_AMOUNT

[2022-10-08 18:44:57,850] - logger_.py] - ERROR: 当前请求的错误: '成功' != 'BORROW_MONEY_ADJUST_PRODUCT_AMOUNT'
- 成功
+ BORROW_MONEY_ADJUST_PRODUCT_AMOUNT

[2022-10-08 18:44:57,850] - logger_.py] - ERROR: 当前请求的错误: '成功' != 'BORROW_MONEY_ADJUST_PRODUCT_AMOUNT'
- 成功
+ BORROW_MONEY_ADJUST_PRODUCT_AMOUNT

[2022-10-08 18:44:57,850] - logger_.py] - ERROR: 当前请求的错误: '成功' != 'BORROW_MONEY_ADJUST_PRODUCT_AMOUNT'
- 成功
+ BORROW_MONEY_ADJUST_PRODUCT_AMOUNT

[2022-10-08 18:44:57,850] - logger_.py] - ERROR: 当前请求的错误: '成功' != 'BORROW_MONEY_ADJUST_PRODUCT_AMOUNT'
- 成功
+ BORROW_MONEY_ADJUST_PRODUCT_AMOUNT

[2022-10-08 18:44:57,850] - logger_.py] - ERROR: 当前请求的错误: '成功' != 'BORROW_MONEY_ADJUST_PRODUCT_AMOUNT'
- 成功
+ BORROW_MONEY_ADJUST_PRODUCT_AMOUNT

