[2022-09-27 09:47:45,295] - logger_.py] - ERROR: 当前请求的错误: '成功' != '未登录'
- 成功
+ 未登录

[2022-09-27 09:47:45,295] - logger_.py] - ERROR: 当前请求的错误: '成功' != '未登录'
- 成功
+ 未登录

[2022-09-27 09:47:45,295] - logger_.py] - ERROR: 当前请求的错误: '成功' != '未登录'
- 成功
+ 未登录

[2022-09-27 09:47:45,393] - logger_.py] - ERROR: 当前请求的错误: '成功' != 'LOGIN_EXPIRE'
- 成功
+ LOGIN_EXPIRE

[2022-09-27 09:47:45,393] - logger_.py] - ERROR: 当前请求的错误: '成功' != 'LOGIN_EXPIRE'
- 成功
+ LOGIN_EXPIRE

[2022-09-27 09:47:45,393] - logger_.py] - ERROR: 当前请求的错误: '成功' != 'LOGIN_EXPIRE'
- 成功
+ LOGIN_EXPIRE

[2022-09-27 09:47:45,393] - logger_.py] - ERROR: 当前请求的错误: '成功' != 'LOGIN_EXPIRE'
- 成功
+ LOGIN_EXPIRE

[2022-09-27 09:47:45,393] - logger_.py] - ERROR: 当前请求的错误: '成功' != 'LOGIN_EXPIRE'
- 成功
+ LOGIN_EXPIRE

[2022-09-27 09:47:45,490] - logger_.py] - ERROR: 当前请求的错误: '成功' != 'LOGIN_EXPIRE'
- 成功
+ LOGIN_EXPIRE

[2022-09-27 09:47:45,490] - logger_.py] - ERROR: 当前请求的错误: '成功' != 'LOGIN_EXPIRE'
- 成功
+ LOGIN_EXPIRE

[2022-09-27 09:47:45,490] - logger_.py] - ERROR: 当前请求的错误: '成功' != 'LOGIN_EXPIRE'
- 成功
+ LOGIN_EXPIRE

[2022-09-27 09:47:45,490] - logger_.py] - ERROR: 当前请求的错误: '成功' != 'LOGIN_EXPIRE'
- 成功
+ LOGIN_EXPIRE

[2022-09-27 09:47:45,490] - logger_.py] - ERROR: 当前请求的错误: '成功' != 'LOGIN_EXPIRE'
- 成功
+ LOGIN_EXPIRE

[2022-09-27 09:47:45,490] - logger_.py] - ERROR: 当前请求的错误: '成功' != 'LOGIN_EXPIRE'
- 成功
+ LOGIN_EXPIRE

[2022-09-27 09:47:45,490] - logger_.py] - ERROR: 当前请求的错误: '成功' != 'LOGIN_EXPIRE'
- 成功
+ LOGIN_EXPIRE

[2022-09-27 09:47:45,586] - logger_.py] - ERROR: 当前请求的错误: '成功' != 'LOGIN_EXPIRE'
- 成功
+ LOGIN_EXPIRE

[2022-09-27 09:47:45,586] - logger_.py] - ERROR: 当前请求的错误: '成功' != 'LOGIN_EXPIRE'
- 成功
+ LOGIN_EXPIRE

[2022-09-27 09:47:45,586] - logger_.py] - ERROR: 当前请求的错误: '成功' != 'LOGIN_EXPIRE'
- 成功
+ LOGIN_EXPIRE

[2022-09-27 09:47:45,586] - logger_.py] - ERROR: 当前请求的错误: '成功' != 'LOGIN_EXPIRE'
- 成功
+ LOGIN_EXPIRE

[2022-09-27 09:47:45,586] - logger_.py] - ERROR: 当前请求的错误: '成功' != 'LOGIN_EXPIRE'
- 成功
+ LOGIN_EXPIRE

[2022-09-27 09:47:45,586] - logger_.py] - ERROR: 当前请求的错误: '成功' != 'LOGIN_EXPIRE'
- 成功
+ LOGIN_EXPIRE

[2022-09-27 09:47:45,586] - logger_.py] - ERROR: 当前请求的错误: '成功' != 'LOGIN_EXPIRE'
- 成功
+ LOGIN_EXPIRE

[2022-09-27 09:47:45,586] - logger_.py] - ERROR: 当前请求的错误: '成功' != 'LOGIN_EXPIRE'
- 成功
+ LOGIN_EXPIRE

[2022-09-27 09:47:45,586] - logger_.py] - ERROR: 当前请求的错误: '成功' != 'LOGIN_EXPIRE'
- 成功
+ LOGIN_EXPIRE

[2022-09-27 09:48:00,677] - logger_.py] - ERROR: 当前请求的错误: '成功' != '用户已注册，不允许重复注册'
- 成功
+ 用户已注册，不允许重复注册

[2022-09-27 09:48:00,677] - logger_.py] - ERROR: 当前请求的错误: '成功' != '用户已注册，不允许重复注册'
- 成功
+ 用户已注册，不允许重复注册

[2022-09-27 09:48:00,771] - logger_.py] - ERROR: 当前请求的错误: '成功' != '未登录'
- 成功
+ 未登录

[2022-09-27 09:48:00,771] - logger_.py] - ERROR: 当前请求的错误: '成功' != '未登录'
- 成功
+ 未登录

[2022-09-27 09:48:00,771] - logger_.py] - ERROR: 当前请求的错误: '成功' != '未登录'
- 成功
+ 未登录

[2022-09-27 09:48:00,771] - logger_.py] - ERROR: 当前请求的错误: '成功' != '未登录'
- 成功
+ 未登录

[2022-09-27 09:48:00,863] - logger_.py] - ERROR: 当前请求的错误: '成功' != 'LOGIN_EXPIRE'
- 成功
+ LOGIN_EXPIRE

[2022-09-27 09:48:00,863] - logger_.py] - ERROR: 当前请求的错误: '成功' != 'LOGIN_EXPIRE'
- 成功
+ LOGIN_EXPIRE

[2022-09-27 09:48:00,863] - logger_.py] - ERROR: 当前请求的错误: '成功' != 'LOGIN_EXPIRE'
- 成功
+ LOGIN_EXPIRE

[2022-09-27 09:48:00,863] - logger_.py] - ERROR: 当前请求的错误: '成功' != 'LOGIN_EXPIRE'
- 成功
+ LOGIN_EXPIRE

[2022-09-27 09:48:00,863] - logger_.py] - ERROR: 当前请求的错误: '成功' != 'LOGIN_EXPIRE'
- 成功
+ LOGIN_EXPIRE

[2022-09-27 09:48:00,863] - logger_.py] - ERROR: 当前请求的错误: '成功' != 'LOGIN_EXPIRE'
- 成功
+ LOGIN_EXPIRE

[2022-09-27 09:48:00,958] - logger_.py] - ERROR: 当前请求的错误: '成功' != 'LOGIN_EXPIRE'
- 成功
+ LOGIN_EXPIRE

[2022-09-27 09:48:00,958] - logger_.py] - ERROR: 当前请求的错误: '成功' != 'LOGIN_EXPIRE'
- 成功
+ LOGIN_EXPIRE

[2022-09-27 09:48:00,958] - logger_.py] - ERROR: 当前请求的错误: '成功' != 'LOGIN_EXPIRE'
- 成功
+ LOGIN_EXPIRE

[2022-09-27 09:48:00,958] - logger_.py] - ERROR: 当前请求的错误: '成功' != 'LOGIN_EXPIRE'
- 成功
+ LOGIN_EXPIRE

[2022-09-27 09:48:00,958] - logger_.py] - ERROR: 当前请求的错误: '成功' != 'LOGIN_EXPIRE'
- 成功
+ LOGIN_EXPIRE

[2022-09-27 09:48:00,958] - logger_.py] - ERROR: 当前请求的错误: '成功' != 'LOGIN_EXPIRE'
- 成功
+ LOGIN_EXPIRE

[2022-09-27 09:48:00,958] - logger_.py] - ERROR: 当前请求的错误: '成功' != 'LOGIN_EXPIRE'
- 成功
+ LOGIN_EXPIRE

[2022-09-27 09:48:00,958] - logger_.py] - ERROR: 当前请求的错误: '成功' != 'LOGIN_EXPIRE'
- 成功
+ LOGIN_EXPIRE

[2022-09-27 09:48:01,049] - logger_.py] - ERROR: 当前请求的错误: '成功' != 'LOGIN_EXPIRE'
- 成功
+ LOGIN_EXPIRE

[2022-09-27 09:48:01,049] - logger_.py] - ERROR: 当前请求的错误: '成功' != 'LOGIN_EXPIRE'
- 成功
+ LOGIN_EXPIRE

[2022-09-27 09:48:01,049] - logger_.py] - ERROR: 当前请求的错误: '成功' != 'LOGIN_EXPIRE'
- 成功
+ LOGIN_EXPIRE

[2022-09-27 09:48:01,049] - logger_.py] - ERROR: 当前请求的错误: '成功' != 'LOGIN_EXPIRE'
- 成功
+ LOGIN_EXPIRE

[2022-09-27 09:48:01,049] - logger_.py] - ERROR: 当前请求的错误: '成功' != 'LOGIN_EXPIRE'
- 成功
+ LOGIN_EXPIRE

[2022-09-27 09:48:01,049] - logger_.py] - ERROR: 当前请求的错误: '成功' != 'LOGIN_EXPIRE'
- 成功
+ LOGIN_EXPIRE

[2022-09-27 09:48:01,049] - logger_.py] - ERROR: 当前请求的错误: '成功' != 'LOGIN_EXPIRE'
- 成功
+ LOGIN_EXPIRE

[2022-09-27 09:48:01,049] - logger_.py] - ERROR: 当前请求的错误: '成功' != 'LOGIN_EXPIRE'
- 成功
+ LOGIN_EXPIRE

[2022-09-27 09:48:01,049] - logger_.py] - ERROR: 当前请求的错误: '成功' != 'LOGIN_EXPIRE'
- 成功
+ LOGIN_EXPIRE

[2022-09-27 09:48:01,049] - logger_.py] - ERROR: 当前请求的错误: '成功' != 'LOGIN_EXPIRE'
- 成功
+ LOGIN_EXPIRE

[2022-09-27 09:48:23,716] - logger_.py] - ERROR: 当前请求的错误: '成功' != '未登录'
- 成功
+ 未登录

[2022-09-27 09:48:23,716] - logger_.py] - ERROR: 当前请求的错误: '成功' != '未登录'
- 成功
+ 未登录

[2022-09-27 09:48:23,716] - logger_.py] - ERROR: 当前请求的错误: '成功' != '未登录'
- 成功
+ 未登录

[2022-09-27 09:48:23,812] - logger_.py] - ERROR: 当前请求的错误: '成功' != 'LOGIN_EXPIRE'
- 成功
+ LOGIN_EXPIRE

[2022-09-27 09:48:23,812] - logger_.py] - ERROR: 当前请求的错误: '成功' != 'LOGIN_EXPIRE'
- 成功
+ LOGIN_EXPIRE

[2022-09-27 09:48:23,812] - logger_.py] - ERROR: 当前请求的错误: '成功' != 'LOGIN_EXPIRE'
- 成功
+ LOGIN_EXPIRE

[2022-09-27 09:48:23,812] - logger_.py] - ERROR: 当前请求的错误: '成功' != 'LOGIN_EXPIRE'
- 成功
+ LOGIN_EXPIRE

[2022-09-27 09:48:23,812] - logger_.py] - ERROR: 当前请求的错误: '成功' != 'LOGIN_EXPIRE'
- 成功
+ LOGIN_EXPIRE

[2022-09-27 09:48:23,914] - logger_.py] - ERROR: 当前请求的错误: '成功' != 'LOGIN_EXPIRE'
- 成功
+ LOGIN_EXPIRE

[2022-09-27 09:48:23,914] - logger_.py] - ERROR: 当前请求的错误: '成功' != 'LOGIN_EXPIRE'
- 成功
+ LOGIN_EXPIRE

[2022-09-27 09:48:23,914] - logger_.py] - ERROR: 当前请求的错误: '成功' != 'LOGIN_EXPIRE'
- 成功
+ LOGIN_EXPIRE

[2022-09-27 09:48:23,914] - logger_.py] - ERROR: 当前请求的错误: '成功' != 'LOGIN_EXPIRE'
- 成功
+ LOGIN_EXPIRE

[2022-09-27 09:48:23,914] - logger_.py] - ERROR: 当前请求的错误: '成功' != 'LOGIN_EXPIRE'
- 成功
+ LOGIN_EXPIRE

[2022-09-27 09:48:23,914] - logger_.py] - ERROR: 当前请求的错误: '成功' != 'LOGIN_EXPIRE'
- 成功
+ LOGIN_EXPIRE

[2022-09-27 09:48:23,914] - logger_.py] - ERROR: 当前请求的错误: '成功' != 'LOGIN_EXPIRE'
- 成功
+ LOGIN_EXPIRE

[2022-09-27 09:48:24,006] - logger_.py] - ERROR: 当前请求的错误: '成功' != 'LOGIN_EXPIRE'
- 成功
+ LOGIN_EXPIRE

[2022-09-27 09:48:24,006] - logger_.py] - ERROR: 当前请求的错误: '成功' != 'LOGIN_EXPIRE'
- 成功
+ LOGIN_EXPIRE

[2022-09-27 09:48:24,006] - logger_.py] - ERROR: 当前请求的错误: '成功' != 'LOGIN_EXPIRE'
- 成功
+ LOGIN_EXPIRE

[2022-09-27 09:48:24,006] - logger_.py] - ERROR: 当前请求的错误: '成功' != 'LOGIN_EXPIRE'
- 成功
+ LOGIN_EXPIRE

[2022-09-27 09:48:24,006] - logger_.py] - ERROR: 当前请求的错误: '成功' != 'LOGIN_EXPIRE'
- 成功
+ LOGIN_EXPIRE

[2022-09-27 09:48:24,006] - logger_.py] - ERROR: 当前请求的错误: '成功' != 'LOGIN_EXPIRE'
- 成功
+ LOGIN_EXPIRE

[2022-09-27 09:48:24,006] - logger_.py] - ERROR: 当前请求的错误: '成功' != 'LOGIN_EXPIRE'
- 成功
+ LOGIN_EXPIRE

[2022-09-27 09:48:24,006] - logger_.py] - ERROR: 当前请求的错误: '成功' != 'LOGIN_EXPIRE'
- 成功
+ LOGIN_EXPIRE

[2022-09-27 09:48:24,006] - logger_.py] - ERROR: 当前请求的错误: '成功' != 'LOGIN_EXPIRE'
- 成功
+ LOGIN_EXPIRE

