[2022-10-10 14:34:31,939] - logger_.py] - DEBUG: ================================开始================================
[2022-10-10 14:34:32,851] - logger_.py] - DEBUG: 
当前请求接口是: 上传通讯录:AddressBook,
请求参数: [{'contactName': 'Licenciado', 'contactPhone': '+52 449 480 7440', 'contactRelation': '', 'lastTime': '1661998796390'}, {'contactName': '1422firstcash', 'contactPhone': '+52 449 482 0252', 'contactRelation': '', 'lastTime': '1661998844242'}, {'contactName': 'Vicente Ortiz', 'contactPhone': '+52 449 496 9413', 'contactRelation': '', 'lastTime': '1661998880584'}, {'contactName': 'Orestamo', 'contactPhone': '+52 449 507 7179', 'contactRelation': '', 'lastTime': '1661999049347'}, {'contactName': 'Aquella', 'contactPhone': '+52 449 512 8518', 'contactRelation': '', 'lastTime': '1661999077020'}, {'contactName': 'Cash', 'contactPhone': '+52 449 514 7208', 'contactRelation': '', 'lastTime': '1661999122287'}],
请求结果{'code': 0, 'msg': '成功', 'data': None, 'traceId': 'ced3ca3a04123248', 'paginNation': {'total': 0, 'pageNo': 0, 'pageSize': 0, 'pages': 0}, 'success': True}
[2022-10-10 14:34:32,852] - logger_.py] - DEBUG: ================================结束================================

[2022-10-10 14:34:32,853] - logger_.py] - DEBUG: ================================开始================================
[2022-10-10 14:34:36,054] - logger_.py] - DEBUG: 
当前请求接口是: 查询最大可借天数：queryAvailableProduct,
请求参数: {'dayRate': '0.77', 'expectedInstallment': '0', 'isNew': '1', 'merchantNo': '01', 'orgNo': 'MEX', 'prductPayAmountMax': '1300', 'prductPayAmountMin': '300', 'productAmount': '0', 'productFastPayTime': '50', 'productIntroduce': 'testhhh', 'productLoanTerm': '1', 'productName': 'Préstamos seguros', 'productNo': '', 'productPictureUrl': '/upload/image/20220803/2022080301312987180381.png', 'productTerm': '0', 'showPeriod': '0', 'userExpectedAmount': '0', 'userExpectedTerm': '0'},
请求结果{'code': 0, 'msg': '成功', 'data': [{'maxLoanAmount': 750.0, 'loanDay': 10, 'installmentNum': 1, 'fistInstallmentDays': 10, 'productNo': 'MEX_01_1_20220927173142'}], 'traceId': '4bd3c1998c24f59a', 'paginNation': {'total': 0, 'pageNo': 0, 'pageSize': 0, 'pages': 0}, 'success': True}
[2022-10-10 14:34:36,055] - logger_.py] - DEBUG: ================================结束================================

[2022-10-10 14:34:36,056] - logger_.py] - DEBUG: ================================开始================================
[2022-10-10 14:34:39,260] - logger_.py] - DEBUG: 当前接口：提交借款申请：submitOneProduct,响应结果CHOICE_PRODUCT_AMOUNT_ADJUST,错误id：09d2169b83867f1e
[2022-10-10 14:34:39,261] - logger_.py] - INFO: 当前接口：提交借款申请：submitOneProduct,响应结果CHOICE_PRODUCT_AMOUNT_ADJUST,错误id：09d2169b83867f1e
[2022-10-10 14:34:39,262] - logger_.py] - ERROR: 当前请求的错误: '成功' != 'CHOICE_PRODUCT_AMOUNT_ADJUST'
- 成功
+ CHOICE_PRODUCT_AMOUNT_ADJUST

[2022-10-10 14:34:39,263] - logger_.py] - DEBUG: ================================结束================================

[2022-10-10 14:49:16,338] - logger_.py] - DEBUG: ================================开始================================
[2022-10-10 14:49:16,697] - logger_.py] - DEBUG: 
当前请求接口是: 上传通讯录:AddressBook,
请求参数: [{'contactName': 'Licenciado', 'contactPhone': '+52 449 480 7440', 'contactRelation': '', 'lastTime': '1661998796390'}, {'contactName': '1422firstcash', 'contactPhone': '+52 449 482 0252', 'contactRelation': '', 'lastTime': '1661998844242'}, {'contactName': 'Vicente Ortiz', 'contactPhone': '+52 449 496 9413', 'contactRelation': '', 'lastTime': '1661998880584'}, {'contactName': 'Orestamo', 'contactPhone': '+52 449 507 7179', 'contactRelation': '', 'lastTime': '1661999049347'}, {'contactName': 'Aquella', 'contactPhone': '+52 449 512 8518', 'contactRelation': '', 'lastTime': '1661999077020'}, {'contactName': 'Cash', 'contactPhone': '+52 449 514 7208', 'contactRelation': '', 'lastTime': '1661999122287'}],
请求结果{'code': 0, 'msg': '成功', 'data': None, 'traceId': 'd7b077d3d6f77d8d', 'paginNation': {'total': 0, 'pageNo': 0, 'pageSize': 0, 'pages': 0}, 'success': True}
[2022-10-10 14:49:16,698] - logger_.py] - DEBUG: ================================结束================================

[2022-10-10 14:49:16,698] - logger_.py] - DEBUG: ================================开始================================
[2022-10-10 14:49:17,546] - logger_.py] - DEBUG: 
当前请求接口是: 查询最大可借天数：queryAvailableProduct,
请求参数: {'dayRate': '0.77', 'expectedInstallment': '0', 'isNew': '1', 'merchantNo': '01', 'orgNo': 'MEX', 'prductPayAmountMax': '1300', 'prductPayAmountMin': '300', 'productAmount': '0', 'productFastPayTime': '50', 'productIntroduce': 'testhhh', 'productLoanTerm': '1', 'productName': 'Préstamos seguros', 'productNo': '', 'productPictureUrl': '/upload/image/20220803/2022080301312987180381.png', 'productTerm': '0', 'showPeriod': '0', 'userExpectedAmount': '0', 'userExpectedTerm': '0'},
请求结果{'code': 0, 'msg': '成功', 'data': [{'maxLoanAmount': 750.0, 'loanDay': 10, 'installmentNum': 1, 'fistInstallmentDays': 10, 'productNo': 'MEX_01_1_20220927173142'}], 'traceId': 'a351c01bb9cf527d', 'paginNation': {'total': 0, 'pageNo': 0, 'pageSize': 0, 'pages': 0}, 'success': True}
[2022-10-10 14:49:17,547] - logger_.py] - DEBUG: ================================结束================================

[2022-10-10 14:49:17,547] - logger_.py] - DEBUG: ================================开始================================
[2022-10-10 14:49:28,743] - logger_.py] - DEBUG: 当前接口：提交借款申请：submitOneProduct,响应结果Server busy,错误id：4df5d0e42ec83554
[2022-10-10 14:49:28,743] - logger_.py] - INFO: 当前接口：提交借款申请：submitOneProduct,响应结果Server busy,错误id：4df5d0e42ec83554
[2022-10-10 14:49:28,744] - logger_.py] - ERROR: 当前请求的错误: '成功' != 'Server busy'
- 成功
+ Server busy

[2022-10-10 14:49:28,745] - logger_.py] - DEBUG: ================================结束================================

[2022-10-10 14:52:26,192] - logger_.py] - DEBUG: ================================开始================================
[2022-10-10 14:52:26,677] - logger_.py] - DEBUG: 
当前请求接口是: 上传通讯录:AddressBook,
请求参数: [{'contactName': 'Licenciado', 'contactPhone': '+52 449 480 7440', 'contactRelation': '', 'lastTime': '1661998796390'}, {'contactName': '1422firstcash', 'contactPhone': '+52 449 482 0252', 'contactRelation': '', 'lastTime': '1661998844242'}, {'contactName': 'Vicente Ortiz', 'contactPhone': '+52 449 496 9413', 'contactRelation': '', 'lastTime': '1661998880584'}, {'contactName': 'Orestamo', 'contactPhone': '+52 449 507 7179', 'contactRelation': '', 'lastTime': '1661999049347'}, {'contactName': 'Aquella', 'contactPhone': '+52 449 512 8518', 'contactRelation': '', 'lastTime': '1661999077020'}, {'contactName': 'Cash', 'contactPhone': '+52 449 514 7208', 'contactRelation': '', 'lastTime': '1661999122287'}],
请求结果{'code': 0, 'msg': '成功', 'data': None, 'traceId': '288bd304c89bb953', 'paginNation': {'total': 0, 'pageNo': 0, 'pageSize': 0, 'pages': 0}, 'success': True}
[2022-10-10 14:52:26,678] - logger_.py] - DEBUG: ================================结束================================

[2022-10-10 14:52:26,679] - logger_.py] - DEBUG: ================================开始================================
[2022-10-10 14:52:27,608] - logger_.py] - DEBUG: 
当前请求接口是: 查询最大可借天数：queryAvailableProduct,
请求参数: {'dayRate': '0.77', 'expectedInstallment': '0', 'isNew': '1', 'merchantNo': '01', 'orgNo': 'MEX', 'prductPayAmountMax': '1300', 'prductPayAmountMin': '300', 'productAmount': '0', 'productFastPayTime': '50', 'productIntroduce': 'testhhh', 'productLoanTerm': '1', 'productName': 'Préstamos seguros', 'productNo': '', 'productPictureUrl': '/upload/image/20220803/2022080301312987180381.png', 'productTerm': '0', 'showPeriod': '0', 'userExpectedAmount': '0', 'userExpectedTerm': '0'},
请求结果{'code': 0, 'msg': '成功', 'data': [{'maxLoanAmount': 750.0, 'loanDay': 10, 'installmentNum': 1, 'fistInstallmentDays': 10, 'productNo': 'MEX_01_1_20220927173142'}], 'traceId': '7facc84c24f5d74f', 'paginNation': {'total': 0, 'pageNo': 0, 'pageSize': 0, 'pages': 0}, 'success': True}
[2022-10-10 14:52:27,609] - logger_.py] - DEBUG: ================================结束================================

[2022-10-10 14:52:27,609] - logger_.py] - DEBUG: ================================开始================================
[2022-10-10 14:52:33,388] - logger_.py] - DEBUG: 
当前请求接口是: 提交借款申请：submitOneProduct,
请求参数: {'appList': [{'appName': 'MoonVay', 'appVersion': '1.0.5', 'firstInstallTime': '2022-05-16 10:00:43', 'lastUpdateTime': '2022-05-16 10:00:43', 'packageName': 'app.moon.vay'}], 'attach': [{'attachName': '/upload/image/20221008', 'channel': 'app', 'md5': '706A86AC844CA1968434328513F629ED', 'newName': '2022100822134953321777.jpeg', 'newPathName': '/upload/image/20221008/2022100822134953321777.jpeg', 'originalAttachName': '/upload/image/20221008', 'originalName': '1665285227444595.jpeg', 'path': '/upload/image/20221008', 'purpose': 'sfzzm', 'size': 6758, 'uploadType': 'image'}, {'attachName': '/upload/image/20221008', 'channel': 'app', 'md5': 'D16BADADB0299041602A2AF74DBD7C52', 'newName': '2022100822143953462780.jpeg', 'newPathName': '/upload/image/20221008/2022100822143953462780.jpeg', 'originalAttachName': '/upload/image/20221008', 'originalName': '1665285277405318.jpeg', 'path': '/upload/image/20221008', 'purpose': 'sfzfm', 'size': 6749, 'uploadType': 'image'}, {'attachName': '/upload/image/20221008', 'channel': 'app', 'md5': '430A31FCA629E9565AD2A0CACD757733', 'newName': '2022100822163053585471.jpeg', 'newPathName': '/upload/image/20221008/2022100822163053585471.jpeg', 'originalAttachName': '/upload/image/20221008', 'originalName': '166528538853127.jpeg', 'path': '/upload/image/20221008', 'purpose': 'scsfz', 'size': 6657, 'uploadType': 'image'}], 'bank': {'idCard': 'G28868055658658855'}, 'base': {'birthday': '1991-01-01', 'childNum': '1', 'education': '1', 'email': 'fhhvhhh@163.com', 'familyName': 'fifth', 'givenName': 'gghh', 'idCardNum': 'G28868055658658855', 'instancyContacts': [{'contactName': '13wei(*´I`*)', 'contactPhone': '+529212975512', 'contactRelation': '0', 'contactRealName': '13wei(*´I`*)', 'lastTime': 0}, {'contactName': '13wei02(／_＼)大怨种', 'contactPhone': '525524064428', 'contactRelation': '2', 'contactRealName': '13wei02(／_＼)大怨种', 'lastTime': 0}], 'maritalStatus': '1', 'middleName': 'gush', 'placeAddress': 'fghh', 'placeCity': '003002', 'placeProvince': '003', 'placeTime': '', 'postalCode': '', 'rfc': '', 'sex': '1', 'sysPlaceAddress': '', 'uname': '', 'whatsApp': '2158083558'}, 'configPayout': 'true', 'customerSource': 'com.mx.hinance', 'firstExpectAmount': '750.00', 'firstExpectDay': '10', 'livenessId': '', 'merchantNo': '01', 'orgNo': 'MEX', 'payoutPaymentConfig': {'bankConfig': {'accountType': {'label': '银行', 'value': '0'}, 'bankCard': '128095486658866556', 'bankType': {'label': 'BANCOMEXT', 'value': '37006'}, 'name': 'fifth gghh gush'}, 'paymentChildKey': {'label': 'Bank', 'value': 'bank'}, 'paymentTypeKey': {'label': 'Bank transfer', 'value': 'bank'}}, 'productNo': 'MEX_01_1_20220927173142', 'promotionChannels': 'googlePlay', 'applyLoanAmount': '750.00', 'sign': {'adbEnabled': 1, 'androidId': '4535c1db08e9d00f', 'availableStorage': ' 16.0653GB', 'battery': '71', 'codeName': 'REL', 'cpu': 'armeabi-v7a', 'cpuInfo': '', 'cpuSpeed': '1144000KHz', 'currentWifi': '"HCLOUD-Risk"', 'detailAddress': '', 'deviceLanguage': 'zh', 'deviceMac': 'BC:76:5E:8A:0F:91', 'deviceModel': 'samsung#SM-G610F', 'deviceSerial': '3300fbcb8a7783cb', 'deviceSoftwareVersion': '01', 'deviceVersionType': 'user', 'displayMetrics': '1080,1920', 'fingerPrint': 'samsung/on7xeltedd/on7xelte:8.1.0/M1AJQ/G610FDXS1CTE1:user/release-keys', 'gaid': 'null', 'hardware': 'samsungexynos7870', 'imei': '353415087834233', 'imsi': '', 'inDoor': -1, 'lag': '', 'lng': '', 'locationAddress': '', 'locationCity': '', 'mobileName': 'Galaxy J7 Prime', 'model': 'samsung#SM-G610F', 'networkOperator': '46000', 'networkOperatorName': '', 'networkType': 'wifi', 'operatorName': '', 'os': '8.1.0', 'phoneAvailableRam': ' 0.8086GB', 'phoneCardNum': '', 'phoneOs': 'Android', 'phoneTotalRam': 'MemTotal:        2882568 kB', 'phonecardCount': 0, 'product': 'on7xeltedd', 'radioVersion': 'G610FDDS1CTE2', 'resolutionHeight': '1920', 'resolutionWidth': '1080', 'rooted': 0, 'routerMac': '3c:cd:5d:11:42:30', 'runtimeAvailableMemory': ' 0.1715GB', 'runtimeMaxMemory': ' 0.1875GB', 'simState': 0, 'simulator': 1, 'timeZone': 'GMT+08:00', 'totalStorage': ' 25.3557GB', 'turnOnTime': '2022-09-28 10:10:51', 'uuid': '53454350484f4e455f3030303030303030303030303030303030313632313535', 'uuidOriginal': '[83, 69, 67, 80, 72, 79, 78, 69, 95, 48, 48, 48, 48, 48, 48, 48, 48, 48, 48, 48, 48, 48, 48, 48, 48, 48, 49, 54, 50, 49, 53, 53] '}, 'work': {'income': '3', 'payDay': '8', 'post': '0', 'salaryType': '3', 'secondPayDay': '', 'sourceIncome': '0', 'tel': '', 'workTime': '1'}},
请求结果{'code': 0, 'msg': '成功', 'data': 'MEX2210101000201', 'traceId': '1abe80c889c2765c', 'paginNation': {'total': 0, 'pageNo': 0, 'pageSize': 0, 'pages': 0}, 'success': True}
[2022-10-10 14:52:33,395] - logger_.py] - DEBUG: ================================结束================================

[2022-10-10 14:59:19,702] - logger_.py] - DEBUG: ================================开始================================
[2022-10-10 14:59:20,122] - logger_.py] - DEBUG: 
当前请求接口是: 上传通讯录:AddressBook,
请求参数: [{'contactName': 'Licenciado', 'contactPhone': '+52 449 480 7440', 'contactRelation': '', 'lastTime': '1661998796390'}, {'contactName': '1422firstcash', 'contactPhone': '+52 449 482 0252', 'contactRelation': '', 'lastTime': '1661998844242'}, {'contactName': 'Vicente Ortiz', 'contactPhone': '+52 449 496 9413', 'contactRelation': '', 'lastTime': '1661998880584'}, {'contactName': 'Orestamo', 'contactPhone': '+52 449 507 7179', 'contactRelation': '', 'lastTime': '1661999049347'}, {'contactName': 'Aquella', 'contactPhone': '+52 449 512 8518', 'contactRelation': '', 'lastTime': '1661999077020'}, {'contactName': 'Cash', 'contactPhone': '+52 449 514 7208', 'contactRelation': '', 'lastTime': '1661999122287'}],
请求结果{'code': 0, 'msg': '成功', 'data': None, 'traceId': '0f5ac71812180ce2', 'paginNation': {'total': 0, 'pageNo': 0, 'pageSize': 0, 'pages': 0}, 'success': True}
[2022-10-10 14:59:20,122] - logger_.py] - DEBUG: ================================结束================================

[2022-10-10 14:59:20,122] - logger_.py] - DEBUG: ================================开始================================
[2022-10-10 14:59:22,024] - logger_.py] - DEBUG: 
当前请求接口是: 查询最大可借天数：queryAvailableProduct,
请求参数: {'dayRate': '0.77', 'expectedInstallment': '0', 'isNew': '1', 'merchantNo': '01', 'orgNo': 'MEX', 'prductPayAmountMax': '1300', 'prductPayAmountMin': '300', 'productAmount': '0', 'productFastPayTime': '50', 'productIntroduce': 'testhhh', 'productLoanTerm': '1', 'productName': 'Préstamos seguros', 'productNo': '', 'productPictureUrl': '/upload/image/20220803/2022080301312987180381.png', 'productTerm': '0', 'showPeriod': '0', 'userExpectedAmount': '0', 'userExpectedTerm': '0'},
请求结果{'code': 0, 'msg': '成功', 'data': [{'maxLoanAmount': 750.0, 'loanDay': 10, 'installmentNum': 1, 'fistInstallmentDays': 10, 'productNo': 'MEX_01_1_20220927173142'}], 'traceId': 'b7473dbea9dcddb0', 'paginNation': {'total': 0, 'pageNo': 0, 'pageSize': 0, 'pages': 0}, 'success': True}
[2022-10-10 14:59:22,024] - logger_.py] - DEBUG: ================================结束================================

[2022-10-10 14:59:22,025] - logger_.py] - DEBUG: ================================开始================================
[2022-10-10 14:59:29,521] - logger_.py] - DEBUG: 
当前请求接口是: 提交借款申请：submitOneProduct,
请求参数: {'appList': [{'appName': 'MoonVay', 'appVersion': '1.0.5', 'firstInstallTime': '2022-05-16 10:00:43', 'lastUpdateTime': '2022-05-16 10:00:43', 'packageName': 'app.moon.vay'}], 'attach': [{'attachName': '/upload/image/20221008', 'channel': 'app', 'md5': '706A86AC844CA1968434328513F629ED', 'newName': '2022100822134953321777.jpeg', 'newPathName': '/upload/image/20221008/2022100822134953321777.jpeg', 'originalAttachName': '/upload/image/20221008', 'originalName': '1665285227444595.jpeg', 'path': '/upload/image/20221008', 'purpose': 'sfzzm', 'size': 6758, 'uploadType': 'image'}, {'attachName': '/upload/image/20221008', 'channel': 'app', 'md5': 'D16BADADB0299041602A2AF74DBD7C52', 'newName': '2022100822143953462780.jpeg', 'newPathName': '/upload/image/20221008/2022100822143953462780.jpeg', 'originalAttachName': '/upload/image/20221008', 'originalName': '1665285277405318.jpeg', 'path': '/upload/image/20221008', 'purpose': 'sfzfm', 'size': 6749, 'uploadType': 'image'}, {'attachName': '/upload/image/20221008', 'channel': 'app', 'md5': '430A31FCA629E9565AD2A0CACD757733', 'newName': '2022100822163053585471.jpeg', 'newPathName': '/upload/image/20221008/2022100822163053585471.jpeg', 'originalAttachName': '/upload/image/20221008', 'originalName': '166528538853127.jpeg', 'path': '/upload/image/20221008', 'purpose': 'scsfz', 'size': 6657, 'uploadType': 'image'}], 'bank': {'idCard': 'G28868055658658855'}, 'base': {'birthday': '1991-01-01', 'childNum': '1', 'education': '1', 'email': 'fhhvhhh@163.com', 'familyName': 'fifth', 'givenName': 'gghh', 'idCardNum': 'G28868055658658855', 'instancyContacts': [{'contactName': '13wei(*´I`*)', 'contactPhone': '+529212975512', 'contactRelation': '0', 'contactRealName': '13wei(*´I`*)', 'lastTime': 0}, {'contactName': '13wei02(／_＼)大怨种', 'contactPhone': '525524064428', 'contactRelation': '2', 'contactRealName': '13wei02(／_＼)大怨种', 'lastTime': 0}], 'maritalStatus': '1', 'middleName': 'gush', 'placeAddress': 'fghh', 'placeCity': '003002', 'placeProvince': '003', 'placeTime': '', 'postalCode': '', 'rfc': '', 'sex': '1', 'sysPlaceAddress': '', 'uname': '', 'whatsApp': '2158083558'}, 'configPayout': 'true', 'customerSource': 'com.mx.hinance', 'firstExpectAmount': '750.00', 'firstExpectDay': '10', 'livenessId': '', 'merchantNo': '01', 'orgNo': 'MEX', 'payoutPaymentConfig': {'bankConfig': {'accountType': {'label': '银行', 'value': '0'}, 'bankCard': '128095486658866556', 'bankType': {'label': 'BANCOMEXT', 'value': '37006'}, 'name': 'fifth gghh gush'}, 'paymentChildKey': {'label': 'Bank', 'value': 'bank'}, 'paymentTypeKey': {'label': 'Bank transfer', 'value': 'bank'}}, 'productNo': 'MEX_01_1_20220927173142', 'promotionChannels': 'googlePlay', 'applyLoanAmount': '750.00', 'sign': {'adbEnabled': 1, 'androidId': '4535c1db08e9d00f', 'availableStorage': ' 16.0653GB', 'battery': '71', 'codeName': 'REL', 'cpu': 'armeabi-v7a', 'cpuInfo': '', 'cpuSpeed': '1144000KHz', 'currentWifi': '"HCLOUD-Risk"', 'detailAddress': '', 'deviceLanguage': 'zh', 'deviceMac': 'BC:76:5E:8A:0F:91', 'deviceModel': 'samsung#SM-G610F', 'deviceSerial': '3300fbcb8a7783cb', 'deviceSoftwareVersion': '01', 'deviceVersionType': 'user', 'displayMetrics': '1080,1920', 'fingerPrint': 'samsung/on7xeltedd/on7xelte:8.1.0/M1AJQ/G610FDXS1CTE1:user/release-keys', 'gaid': 'null', 'hardware': 'samsungexynos7870', 'imei': '353415087834233', 'imsi': '', 'inDoor': -1, 'lag': '', 'lng': '', 'locationAddress': '', 'locationCity': '', 'mobileName': 'Galaxy J7 Prime', 'model': 'samsung#SM-G610F', 'networkOperator': '46000', 'networkOperatorName': '', 'networkType': 'wifi', 'operatorName': '', 'os': '8.1.0', 'phoneAvailableRam': ' 0.8086GB', 'phoneCardNum': '', 'phoneOs': 'Android', 'phoneTotalRam': 'MemTotal:        2882568 kB', 'phonecardCount': 0, 'product': 'on7xeltedd', 'radioVersion': 'G610FDDS1CTE2', 'resolutionHeight': '1920', 'resolutionWidth': '1080', 'rooted': 0, 'routerMac': '3c:cd:5d:11:42:30', 'runtimeAvailableMemory': ' 0.1715GB', 'runtimeMaxMemory': ' 0.1875GB', 'simState': 0, 'simulator': 1, 'timeZone': 'GMT+08:00', 'totalStorage': ' 25.3557GB', 'turnOnTime': '2022-09-28 10:10:51', 'uuid': '53454350484f4e455f3030303030303030303030303030303030313632313535', 'uuidOriginal': '[83, 69, 67, 80, 72, 79, 78, 69, 95, 48, 48, 48, 48, 48, 48, 48, 48, 48, 48, 48, 48, 48, 48, 48, 48, 48, 49, 54, 50, 49, 53, 53] '}, 'work': {'income': '3', 'payDay': '8', 'post': '0', 'salaryType': '3', 'secondPayDay': '', 'sourceIncome': '0', 'tel': '', 'workTime': '1'}},
请求结果{'code': 0, 'msg': '成功', 'data': 'MEX2210101000301', 'traceId': 'a992df23acdfdeab', 'paginNation': {'total': 0, 'pageNo': 0, 'pageSize': 0, 'pages': 0}, 'success': True}
[2022-10-10 14:59:29,521] - logger_.py] - DEBUG: ================================结束================================

