[2022-10-11 15:13:54,156] - logger_.py] - ERROR: 登录失败: {'code': -1, 'msg': 'Server busy', 'data': None, 'traceId': '919b4dc6abf35a52', 'paginNation': {'total': 0, 'pageNo': 0, 'pageSize': 0, 'pages': 0}, 'success': False},token没传入值,当前值为: None
[2022-10-11 15:13:54,159] - logger_.py] - DEBUG: ================================开始================================
[2022-10-11 15:13:58,962] - logger_.py] - ERROR: 当前请求的错误: 'code'
[2022-10-11 15:13:58,962] - logger_.py] - DEBUG: ================================结束================================

[2022-10-11 15:13:58,966] - logger_.py] - DEBUG: ================================开始================================
[2022-10-11 15:14:03,763] - logger_.py] - ERROR: 当前请求的错误: 'code'
[2022-10-11 15:14:03,764] - logger_.py] - DEBUG: ================================结束================================

[2022-10-11 15:14:03,765] - logger_.py] - DEBUG: ================================开始================================
[2022-10-11 15:14:10,163] - logger_.py] - ERROR: 当前请求的错误: 'code'
[2022-10-11 15:14:10,164] - logger_.py] - DEBUG: ================================结束================================

[2022-10-11 15:14:36,265] - logger_.py] - ERROR: 登录失败: {'code': -1, 'msg': 'Server busy', 'data': None, 'traceId': 'f048f6df1d9a5f10', 'paginNation': {'total': 0, 'pageNo': 0, 'pageSize': 0, 'pages': 0}, 'success': False},token没传入值,当前值为: None
[2022-10-11 15:15:47,266] - logger_.py] - ERROR: 登录失败: {'code': -1, 'msg': 'Server busy', 'data': None, 'traceId': '3916d8a21fd1b7fb', 'paginNation': {'total': 0, 'pageNo': 0, 'pageSize': 0, 'pages': 0}, 'success': False},token没传入值,当前值为: None
[2022-10-11 15:15:47,269] - logger_.py] - DEBUG: ================================开始================================
[2022-10-11 15:15:52,265] - logger_.py] - ERROR: 当前请求的错误: 'code'
[2022-10-11 15:15:52,265] - logger_.py] - DEBUG: ================================结束================================

[2022-10-11 15:15:52,267] - logger_.py] - DEBUG: ================================开始================================
[2022-10-11 15:15:57,064] - logger_.py] - ERROR: 当前请求的错误: 'code'
[2022-10-11 15:15:57,065] - logger_.py] - DEBUG: ================================结束================================

[2022-10-11 15:15:57,066] - logger_.py] - DEBUG: ================================开始================================
[2022-10-11 15:16:01,865] - logger_.py] - ERROR: 当前请求的错误: 'code'
[2022-10-11 15:16:01,866] - logger_.py] - DEBUG: ================================结束================================

[2022-10-11 15:22:26,433] - logger_.py] - ERROR: 登录失败: {'code': -4, 'msg': '手机号或验证码错误', 'data': None, 'traceId': 'dc374efe422df393', 'paginNation': {'total': 0, 'pageNo': 0, 'pageSize': 0, 'pages': 0}, 'success': False},token没传入值,当前值为: None
